Using pre-set license
Built from '2020.2/release' branch; Version is '2020.2.4f1 (becced5a802b) revision 12504301'; Using compiler version '192528614'; Build Type 'Release'
OS: 'Windows 10 Home; OS build 19041.1052; Version 2004; 64bit' Language: 'he' Physical Memory: 8034 MB
BatchMode: 1, IsHumanControllingUs: 0, StartBugReporterOnCrash: 0, Is64bit: 1, IsPro: 0

 COMMAND LINE ARGUMENTS:
F:\Unity\Unity Hub\2019.4.18f1\Editor\Unity.exe
-adb2
-batchMode
-noUpm
-name
AssetImportWorker2
-projectPath
F:/Unity/Project/Unity-ArenaShooter
-logFile
Logs/AssetImportWorker2.log
-srvPort
52344
Successfully changed project path to: F:/Unity/Project/Unity-ArenaShooter
F:/Unity/Project/Unity-ArenaShooter
Using Asset Import Pipeline V2.
Refreshing native plugins compatible for Editor in 112.41 ms, found 0 plugins.
Preloading 0 native plugins for Editor in 0.00 ms.
Initialize engine version: 2020.2.4f1 (becced5a802b)
[Subsystems] Discovering subsystems at path F:/Unity/Unity Hub/2019.4.18f1/Editor/Data/Resources/UnitySubsystems
[Subsystems] Discovering subsystems at path F:/Unity/Project/Unity-ArenaShooter/Assets
GfxDevice: creating device client; threaded=0
Direct3D:
    Version:  Direct3D 11.0 [level 11.1]
    Renderer: Intel(R) UHD Graphics 620 (ID=0x3ea0)
    Vendor:   
    VRAM:     4017 MB
    Driver:   27.20.100.8935
Initialize mono
Mono path[0] = 'F:/Unity/Unity Hub/2019.4.18f1/Editor/Data/Managed'
Mono path[1] = 'F:/Unity/Unity Hub/2019.4.18f1/Editor/Data/MonoBleedingEdge/lib/mono/unityjit'
Mono config path = 'F:/Unity/Unity Hub/2019.4.18f1/Editor/Data/MonoBleedingEdge/etc'
Using monoOptions --debugger-agent=transport=dt_socket,embedding=1,server=y,suspend=n,address=127.0.0.1:56712
Begin MonoManager ReloadAssembly
Registering precompiled unity dll's ...
Register platform support module: F:/Unity/Unity Hub/2019.4.18f1/Editor/Data/PlaybackEngines/WindowsStandaloneSupport/UnityEditor.WindowsStandalone.Extensions.dll
Registered in 0.006739 seconds.
Native extension for WindowsStandalone target not found
Refreshing native plugins compatible for Editor in 87.73 ms, found 0 plugins.
Preloading 0 native plugins for Editor in 0.00 ms.
Invoked RoslynAnalysisRunner static constructor.
RoslynAnalysisRunner will not be running.
RoslynAnalysisRunner has terminated.
Mono: successfully reloaded assembly
- Completed reload, in  2.943 seconds
Platform modules already initialized, skipping
Registering precompiled user dll's ...
Registered in 0.005370 seconds.
Begin MonoManager ReloadAssembly
Native extension for WindowsStandalone target not found
Refreshing native plugins compatible for Editor in 0.69 ms, found 0 plugins.
Preloading 0 native plugins for Editor in 0.00 ms.
Invoked RoslynAnalysisRunner static constructor.
RoslynAnalysisRunner will not be running.
RoslynAnalysisRunner has terminated.
Mono: successfully reloaded assembly
- Completed reload, in  4.958 seconds
Platform modules already initialized, skipping
========================================================================
Worker process is ready to serve import requests
Launched and connected shader compiler UnityShaderCompiler.exe after 0.33 seconds
Refreshing native plugins compatible for Editor in 1.22 ms, found 0 plugins.
Preloading 0 native plugins for Editor in 0.00 ms.
Unloading 1521 Unused Serialized files (Serialized files now loaded: 0)
System memory in use before: 76.6 MB.
System memory in use after: 76.7 MB.

Unloading 69 unused Assets to reduce memory usage. Loaded Objects now: 1967.
Total: 9.835700 ms (FindLiveObjects: 0.892800 ms CreateObjectMapping: 0.359900 ms MarkObjects: 7.531700 ms  DeleteObjects: 1.046100 ms)

========================================================================
Received Import Request.
  path: Assets/Office Environment Set/Prefabs/Whiskey.prefab
  artifactKey: Guid(0f6cf2f57fe81c842a4b01185a8fee2a) Importer(815301076,1909f56bfc062723c751e8b465ee728b)
Start importing Assets/Office Environment Set/Prefabs/Whiskey.prefab using Guid(0f6cf2f57fe81c842a4b01185a8fee2a) Importer(815301076,1909f56bfc062723c751e8b465ee728b)  -> (artifact id: '24adc4371ff7e442cf17859e01f11bcc') in 1.796422 seconds
  Import took 1.835123 seconds .

========================================================================
Received Import Request.
  Time since last request: 0.018842 seconds.
  path: Assets/Office Environment Set/Prefabs/Clock.prefab
  artifactKey: Guid(faf969bda358c77459d41ae29ca000b8) Importer(815301076,1909f56bfc062723c751e8b465ee728b)
Start importing Assets/Office Environment Set/Prefabs/Clock.prefab using Guid(faf969bda358c77459d41ae29ca000b8) Importer(815301076,1909f56bfc062723c751e8b465ee728b)  -> (artifact id: '913de6b77b367a14bfd3498aceaca71e') in 0.087554 seconds
  Import took 0.099193 seconds .

========================================================================
Received Import Request.
  Time since last request: 0.001057 seconds.
  path: Assets/Office Environment Set/Prefabs/Radiator.prefab
  artifactKey: Guid(d1411d4459731e4478c08700bae15fbd) Importer(815301076,1909f56bfc062723c751e8b465ee728b)
Start importing Assets/Office Environment Set/Prefabs/Radiator.prefab using Guid(d1411d4459731e4478c08700bae15fbd) Importer(815301076,1909f56bfc062723c751e8b465ee728b)  -> (artifact id: 'dbb56dce3968b57b74b44ac91d414b8b') in 0.061453 seconds
  Import took 0.099626 seconds .

========================================================================
Received Import Request.
  Time since last request: 0.000843 seconds.
  path: Assets/Office Environment Set/Prefabs/Small table.prefab
  artifactKey: Guid(8034800d11fadba4eb7cd4b9b3368b02) Importer(815301076,1909f56bfc062723c751e8b465ee728b)
Start importing Assets/Office Environment Set/Prefabs/Small table.prefab using Guid(8034800d11fadba4eb7cd4b9b3368b02) Importer(815301076,1909f56bfc062723c751e8b465ee728b)  -> (artifact id: '9634c27682521c7caa2a32900737a226') in 0.048347 seconds
  Import took 0.058422 seconds .

========================================================================
Received Import Request.
  Time since last request: 0.001161 seconds.
  path: Assets/Office Environment Set/Prefabs/Office_2.prefab
  artifactKey: Guid(ac529daa5411ecb4d9c3ee21ec6b35ad) Importer(815301076,1909f56bfc062723c751e8b465ee728b)
Start importing Assets/Office Environment Set/Prefabs/Office_2.prefab using Guid(ac529daa5411ecb4d9c3ee21ec6b35ad) Importer(815301076,1909f56bfc062723c751e8b465ee728b)  -> (artifact id: '29631281d5104bc112b3cfc1ec54fcbe') in 0.055475 seconds
  Import took 0.067630 seconds .

========================================================================
Received Import Request.
  Time since last request: 0.001202 seconds.
  path: Assets/Office Environment Set/Prefabs/Table.prefab
  artifactKey: Guid(b48e22e4cdd4e92479a7cca882e00039) Importer(815301076,1909f56bfc062723c751e8b465ee728b)
Start importing Assets/Office Environment Set/Prefabs/Table.prefab using Guid(b48e22e4cdd4e92479a7cca882e00039) Importer(815301076,1909f56bfc062723c751e8b465ee728b)  -> (artifact id: 'c7c950337bdb1883dedfa96a327eb740') in 0.060091 seconds
  Import took 0.068707 seconds .

========================================================================
Received Import Request.
  Time since last request: 0.000714 seconds.
  path: Assets/Office Environment Set/Prefabs/Microwave.prefab
  artifactKey: Guid(1204597de33cfa946917b4632f2384d6) Importer(815301076,1909f56bfc062723c751e8b465ee728b)
Start importing Assets/Office Environment Set/Prefabs/Microwave.prefab using Guid(1204597de33cfa946917b4632f2384d6) Importer(815301076,1909f56bfc062723c751e8b465ee728b)  -> (artifact id: '102e1ec755054ea76e65ec18d45dd84a') in 0.076787 seconds
  Import took 0.088133 seconds .

========================================================================
Received Import Request.
  Time since last request: 0.001713 seconds.
  path: Assets/Office Environment Set/Prefabs/Chair Corridor.prefab
  artifactKey: Guid(cd695d51a63f804499f73d31acc546f2) Importer(815301076,1909f56bfc062723c751e8b465ee728b)
Start importing Assets/Office Environment Set/Prefabs/Chair Corridor.prefab using Guid(cd695d51a63f804499f73d31acc546f2) Importer(815301076,1909f56bfc062723c751e8b465ee728b)  -> (artifact id: 'b39a4808469b0ec749a852f53a659830') in 0.089497 seconds
  Import took 0.102096 seconds .

========================================================================
Received Import Request.
  Time since last request: 0.001343 seconds.
  path: Assets/Office Environment Set/Prefabs/Cabinet2.prefab
  artifactKey: Guid(277515d3881569346aaa83261acc4660) Importer(815301076,1909f56bfc062723c751e8b465ee728b)
Start importing Assets/Office Environment Set/Prefabs/Cabinet2.prefab using Guid(277515d3881569346aaa83261acc4660) Importer(815301076,1909f56bfc062723c751e8b465ee728b)  -> (artifact id: '13f25bb8d01e3acd8340bf59453374c3') in 0.063234 seconds
  Import took 0.073972 seconds .

========================================================================
Received Import Request.
  Time since last request: 0.001299 seconds.
  path: Assets/Office Environment Set/Prefabs/Sign_Office1.prefab
  artifactKey: Guid(e03a5ed4e58cf6a4c9745e505c4861fa) Importer(815301076,1909f56bfc062723c751e8b465ee728b)
Start importing Assets/Office Environment Set/Prefabs/Sign_Office1.prefab using Guid(e03a5ed4e58cf6a4c9745e505c4861fa) Importer(815301076,1909f56bfc062723c751e8b465ee728b)  -> (artifact id: '9a658244080f6850fcfb3a1b3ce168da') in 0.053144 seconds
  Import took 0.065203 seconds .

========================================================================
Received Import Request.
  Time since last request: 0.001203 seconds.
  path: Assets/Office Environment Set/Prefabs/Oclock1.prefab
  artifactKey: Guid(118e30efba03d5c4796bd25232711ca8) Importer(815301076,1909f56bfc062723c751e8b465ee728b)
Start importing Assets/Office Environment Set/Prefabs/Oclock1.prefab using Guid(118e30efba03d5c4796bd25232711ca8) Importer(815301076,1909f56bfc062723c751e8b465ee728b)  -> (artifact id: '6ae8424a18631875dcea5b966121c176') in 0.060559 seconds
  Import took 0.074620 seconds .

========================================================================
Received Import Request.
  Time since last request: 0.001193 seconds.
  path: Assets/Office Environment Set/Prefabs/Upperlight_yellow.prefab
  artifactKey: Guid(45a61c51520c9e142837a588728dbcca) Importer(815301076,1909f56bfc062723c751e8b465ee728b)
Start importing Assets/Office Environment Set/Prefabs/Upperlight_yellow.prefab using Guid(45a61c51520c9e142837a588728dbcca) Importer(815301076,1909f56bfc062723c751e8b465ee728b)  -> (artifact id: 'f8887d114baed80bb9aec08c70cb1fdd') in 0.330435 seconds
  Import took 0.369504 seconds .

========================================================================
Received Import Request.
  Time since last request: 0.000769 seconds.
  path: Assets/Office Environment Set/Prefabs/Wall_inside.prefab
  artifactKey: Guid(7ecd21a77d51b0347951cfc6988e95fd) Importer(815301076,1909f56bfc062723c751e8b465ee728b)
Start importing Assets/Office Environment Set/Prefabs/Wall_inside.prefab using Guid(7ecd21a77d51b0347951cfc6988e95fd) Importer(815301076,1909f56bfc062723c751e8b465ee728b)  -> (artifact id: '081d1dbbe7dfa3a1820685a8dddcea7a') in 0.046233 seconds
  Import took 0.054069 seconds .

========================================================================
Received Import Request.
  Time since last request: 0.000700 seconds.
  path: Assets/Office Environment Set/Prefabs/floorandtop.prefab
  artifactKey: Guid(92076d223a798744f86af2ce0b3e69fb) Importer(815301076,1909f56bfc062723c751e8b465ee728b)
Start importing Assets/Office Environment Set/Prefabs/floorandtop.prefab using Guid(92076d223a798744f86af2ce0b3e69fb) Importer(815301076,1909f56bfc062723c751e8b465ee728b)  -> (artifact id: 'e87e266d25be4f97981d0930dde5db7b') in 0.732207 seconds
  Import took 0.741850 seconds .

========================================================================
Received Import Request.
  Time since last request: 0.001349 seconds.
  path: Assets/Office Environment Set/Prefabs/Entre_set.prefab
  artifactKey: Guid(27b81ee1649d6474ea18ce73018d0136) Importer(815301076,1909f56bfc062723c751e8b465ee728b)
Start importing Assets/Office Environment Set/Prefabs/Entre_set.prefab using Guid(27b81ee1649d6474ea18ce73018d0136) Importer(815301076,1909f56bfc062723c751e8b465ee728b)  -> (artifact id: '672a9c8a2b271b92b95009c614c1f4ec') in 0.090068 seconds
  Import took 0.135825 seconds .

========================================================================
Received Import Request.
  Time since last request: 0.001226 seconds.
  path: Assets/Office Environment Set/Prefabs/Sign_Waiting.prefab
  artifactKey: Guid(a53e075bf0b207d4499afeda5d67a849) Importer(815301076,1909f56bfc062723c751e8b465ee728b)
Start importing Assets/Office Environment Set/Prefabs/Sign_Waiting.prefab using Guid(a53e075bf0b207d4499afeda5d67a849) Importer(815301076,1909f56bfc062723c751e8b465ee728b)  -> (artifact id: '3224adda5d856d11621b10a735e5e4f9') in 0.057016 seconds
  Import took 0.067503 seconds .

========================================================================
Received Import Request.
  Time since last request: 0.001335 seconds.
  path: Assets/Office Environment Set/Prefabs/Minisoffa.prefab
  artifactKey: Guid(afbdbcb18fc35dd44a6187a352782a9d) Importer(815301076,1909f56bfc062723c751e8b465ee728b)
Start importing Assets/Office Environment Set/Prefabs/Minisoffa.prefab using Guid(afbdbcb18fc35dd44a6187a352782a9d) Importer(815301076,1909f56bfc062723c751e8b465ee728b)  -> (artifact id: '692fa190aad6270d1993937aedc06493') in 0.055861 seconds
  Import took 0.085118 seconds .

========================================================================
Received Import Request.
  Time since last request: 0.001402 seconds.
  path: Assets/Office Environment Set/Prefabs/Tavla.prefab
  artifactKey: Guid(40b040ef45455b2429171360a97722d3) Importer(815301076,1909f56bfc062723c751e8b465ee728b)
Start importing Assets/Office Environment Set/Prefabs/Tavla.prefab using Guid(40b040ef45455b2429171360a97722d3) Importer(815301076,1909f56bfc062723c751e8b465ee728b)  -> (artifact id: '23acfe795bd4b07fa34b2ca994856360') in 0.042882 seconds
  Import took 0.053966 seconds .

========================================================================
Received Import Request.
  Time since last request: 0.000900 seconds.
  path: Assets/Office Environment Set/Prefabs/Office.prefab
  artifactKey: Guid(a942f606f6619074f804d02e88ef617e) Importer(815301076,1909f56bfc062723c751e8b465ee728b)
Start importing Assets/Office Environment Set/Prefabs/Office.prefab using Guid(a942f606f6619074f804d02e88ef617e) Importer(815301076,1909f56bfc062723c751e8b465ee728b)  -> (artifact id: '90c1557d97e4f452a7ff8ef14de82675') in 0.039740 seconds
  Import took 0.063200 seconds .

========================================================================
Received Import Request.
  Time since last request: 0.000847 seconds.
  path: Assets/Office Environment Set/Prefabs/Running_picture.prefab
  artifactKey: Guid(0b1e64a30da595840a1718740d9cda38) Importer(815301076,1909f56bfc062723c751e8b465ee728b)
Start importing Assets/Office Environment Set/Prefabs/Running_picture.prefab using Guid(0b1e64a30da595840a1718740d9cda38) Importer(815301076,1909f56bfc062723c751e8b465ee728b)  -> (artifact id: '2d53629377edcc14e58b5846f063d0d8') in 0.062047 seconds
  Import took 0.071607 seconds .

========================================================================
Received Import Request.
  Time since last request: 0.000760 seconds.
  path: Assets/Office Environment Set/Prefabs/Sheep.prefab
  artifactKey: Guid(3e412eadbaeb69e43bb07a156e7f46a1) Importer(815301076,1909f56bfc062723c751e8b465ee728b)
Start importing Assets/Office Environment Set/Prefabs/Sheep.prefab using Guid(3e412eadbaeb69e43bb07a156e7f46a1) Importer(815301076,1909f56bfc062723c751e8b465ee728b)  -> (artifact id: '9edc3547e8435c0d5cda040ea4098fbb') in 0.049715 seconds
  Import took 0.058305 seconds .

========================================================================
Received Import Request.
  Time since last request: 0.000817 seconds.
  path: Assets/Office Environment Set/Prefabs/6njra.prefab
  artifactKey: Guid(0e693b3193601ca4e83db306ab530bde) Importer(815301076,1909f56bfc062723c751e8b465ee728b)
Start importing Assets/Office Environment Set/Prefabs/6njra.prefab using Guid(0e693b3193601ca4e83db306ab530bde) Importer(815301076,1909f56bfc062723c751e8b465ee728b)  -> (artifact id: '4cd1023f99f26968c43abf7aef71c972') in 0.038455 seconds
  Import took 0.081275 seconds .

========================================================================
Received Import Request.
  Time since last request: 0.000720 seconds.
  path: Assets/Office Environment Set/Prefabs/Bush.prefab
  artifactKey: Guid(024f952576c64df4dbdaa9b1abfdcdc4) Importer(815301076,1909f56bfc062723c751e8b465ee728b)
Start importing Assets/Office Environment Set/Prefabs/Bush.prefab using Guid(024f952576c64df4dbdaa9b1abfdcdc4) Importer(815301076,1909f56bfc062723c751e8b465ee728b)  -> (artifact id: '1f2848d6b81b4993ca60d5fd3a54a2ad') in 0.068844 seconds
  Import took 0.075848 seconds .

========================================================================
Received Import Request.
  Time since last request: 0.000776 seconds.
  path: Assets/Office Environment Set/Prefabs/cabinet.prefab
  artifactKey: Guid(85cafb1ec1792bc4d93b5e45d8e83350) Importer(815301076,1909f56bfc062723c751e8b465ee728b)
Start importing Assets/Office Environment Set/Prefabs/cabinet.prefab using Guid(85cafb1ec1792bc4d93b5e45d8e83350) Importer(815301076,1909f56bfc062723c751e8b465ee728b)  -> (artifact id: '9037edf3741c8948e901879e4df1b160') in 0.045663 seconds
  Import took 0.052494 seconds .

========================================================================
Received Import Request.
  Time since last request: 0.000748 seconds.
  path: Assets/Office Environment Set/Prefabs/Cooler.prefab
  artifactKey: Guid(d2a2fd1b119d0fd4cbbd9d417b5199cb) Importer(815301076,1909f56bfc062723c751e8b465ee728b)
Start importing Assets/Office Environment Set/Prefabs/Cooler.prefab using Guid(d2a2fd1b119d0fd4cbbd9d417b5199cb) Importer(815301076,1909f56bfc062723c751e8b465ee728b)  -> (artifact id: '467be97e28a803d2b140f56de9591b7d') in 0.042246 seconds
  Import took 0.050022 seconds .

========================================================================
Received Import Request.
  Time since last request: 0.000872 seconds.
  path: Assets/Office Environment Set/Prefabs/Sign_kitchen.prefab
  artifactKey: Guid(197a1de685233ff4aa748874602783c4) Importer(815301076,1909f56bfc062723c751e8b465ee728b)
Start importing Assets/Office Environment Set/Prefabs/Sign_kitchen.prefab using Guid(197a1de685233ff4aa748874602783c4) Importer(815301076,1909f56bfc062723c751e8b465ee728b)  -> (artifact id: '4ca382a77177b4a990ee36dd4b4871f5') in 0.034783 seconds
  Import took 0.045546 seconds .

========================================================================
Received Import Request.
  Time since last request: 0.001164 seconds.
  path: Assets/Office Environment Set/Prefabs/Pan.prefab
  artifactKey: Guid(2153eb0743527904c96d94ccbc0e8d44) Importer(815301076,1909f56bfc062723c751e8b465ee728b)
Start importing Assets/Office Environment Set/Prefabs/Pan.prefab using Guid(2153eb0743527904c96d94ccbc0e8d44) Importer(815301076,1909f56bfc062723c751e8b465ee728b)  -> (artifact id: '0ca77d7c4e25c685c45b35f8c4560626') in 0.036866 seconds
  Import took 0.063885 seconds .

========================================================================
Received Import Request.
  Time since last request: 0.000902 seconds.
  path: Assets/Office Environment Set/Prefabs/gooddog.prefab
  artifactKey: Guid(8c2e52a23117cef4fbf480cfdb37fd2f) Importer(815301076,1909f56bfc062723c751e8b465ee728b)
Start importing Assets/Office Environment Set/Prefabs/gooddog.prefab using Guid(8c2e52a23117cef4fbf480cfdb37fd2f) Importer(815301076,1909f56bfc062723c751e8b465ee728b)  -> (artifact id: '6ac2494a60ea27a3fd176459a9d6b972') in 0.036909 seconds
  Import took 0.046554 seconds .

========================================================================
Received Import Request.
  Time since last request: 0.000995 seconds.
  path: Assets/Office Environment Set/Prefabs/urinoar.prefab
  artifactKey: Guid(7313e20b6c98c2148b159d21f121bbe8) Importer(815301076,1909f56bfc062723c751e8b465ee728b)
Start importing Assets/Office Environment Set/Prefabs/urinoar.prefab using Guid(7313e20b6c98c2148b159d21f121bbe8) Importer(815301076,1909f56bfc062723c751e8b465ee728b)  -> (artifact id: '80ecc794128466c02334d23c5d066a1b') in 0.035104 seconds
  Import took 0.042255 seconds .

========================================================================
Received Import Request.
  Time since last request: 0.000782 seconds.
  path: Assets/Office Environment Set/Prefabs/refrigerator.prefab
  artifactKey: Guid(f68cf06a76d545b46a74d2ea2adaae3f) Importer(815301076,1909f56bfc062723c751e8b465ee728b)
Start importing Assets/Office Environment Set/Prefabs/refrigerator.prefab using Guid(f68cf06a76d545b46a74d2ea2adaae3f) Importer(815301076,1909f56bfc062723c751e8b465ee728b)  -> (artifact id: 'b3669eb2ed64452dc71b265dee2895ce') in 0.055390 seconds
  Import took 0.065575 seconds .

========================================================================
Received Import Request.
  Time since last request: 0.000842 seconds.
  path: Assets/Office Environment Set/Prefabs/Rf.prefab
  artifactKey: Guid(bf1b9348abf2e4f44aec348ef70a4648) Importer(815301076,1909f56bfc062723c751e8b465ee728b)
Start importing Assets/Office Environment Set/Prefabs/Rf.prefab using Guid(bf1b9348abf2e4f44aec348ef70a4648) Importer(815301076,1909f56bfc062723c751e8b465ee728b)  -> (artifact id: 'f71165f8b6fc7f822f5dd5ce48fea583') in 0.049987 seconds
  Import took 0.059340 seconds .

========================================================================
Received Import Request.
  Time since last request: 0.000713 seconds.
  path: Assets/Office Environment Set/Prefabs/Sign_WC.prefab
  artifactKey: Guid(6cb50a5e0ceffaf40b30df392323ff60) Importer(815301076,1909f56bfc062723c751e8b465ee728b)
Start importing Assets/Office Environment Set/Prefabs/Sign_WC.prefab using Guid(6cb50a5e0ceffaf40b30df392323ff60) Importer(815301076,1909f56bfc062723c751e8b465ee728b)  -> (artifact id: '5fcbd2b99bd21b0bf4402fce59603ea5') in 0.057539 seconds
  Import took 0.067236 seconds .

========================================================================
Received Import Request.
  Time since last request: 0.000767 seconds.
  path: Assets/Office Environment Set/Prefabs/Keyboard.prefab
  artifactKey: Guid(5db378c1120fd6e448998035f9e5bd0b) Importer(815301076,1909f56bfc062723c751e8b465ee728b)
Start importing Assets/Office Environment Set/Prefabs/Keyboard.prefab using Guid(5db378c1120fd6e448998035f9e5bd0b) Importer(815301076,1909f56bfc062723c751e8b465ee728b)  -> (artifact id: '187835af8bdc070455d427aead623477') in 0.032956 seconds
  Import took 0.041056 seconds .

========================================================================
Received Import Request.
  Time since last request: 0.000824 seconds.
  path: Assets/Office Environment Set/Prefabs/toilet.prefab
  artifactKey: Guid(9922dde892800b9459e709c3e7be7cc9) Importer(815301076,1909f56bfc062723c751e8b465ee728b)
Start importing Assets/Office Environment Set/Prefabs/toilet.prefab using Guid(9922dde892800b9459e709c3e7be7cc9) Importer(815301076,1909f56bfc062723c751e8b465ee728b)  -> (artifact id: '01a706c64a4da6ba7d9f77f623705d56') in 0.038542 seconds
  Import took 0.047236 seconds .

========================================================================
Received Import Request.
  Time since last request: 0.000768 seconds.
  path: Assets/Office Environment Set/Prefabs/Kitchen_set.prefab
  artifactKey: Guid(b945b1891daf0fa4da14fc5ace3efef4) Importer(815301076,1909f56bfc062723c751e8b465ee728b)
Start importing Assets/Office Environment Set/Prefabs/Kitchen_set.prefab using Guid(b945b1891daf0fa4da14fc5ace3efef4) Importer(815301076,1909f56bfc062723c751e8b465ee728b)  -> (artifact id: 'c23602c16032e0a97f80dd072b725254') in 0.056435 seconds
  Import took 0.063931 seconds .

========================================================================
Received Import Request.
  Time since last request: 0.000724 seconds.
  path: Assets/Office Environment Set/Prefabs/printer.prefab
  artifactKey: Guid(5c088b42527c37c42a1e2293dbd07759) Importer(815301076,1909f56bfc062723c751e8b465ee728b)
Start importing Assets/Office Environment Set/Prefabs/printer.prefab using Guid(5c088b42527c37c42a1e2293dbd07759) Importer(815301076,1909f56bfc062723c751e8b465ee728b)  -> (artifact id: 'e0cc4ab79292ed1116633e40fd162aac') in 0.667130 seconds
  Import took 0.675040 seconds .

========================================================================
Received Import Request.
  Time since last request: 0.001000 seconds.
  path: Assets/Office Environment Set/Prefabs/Sign_Office2.prefab
  artifactKey: Guid(c5466e276c842fd4f99fe94ab0b7a11f) Importer(815301076,1909f56bfc062723c751e8b465ee728b)
Start importing Assets/Office Environment Set/Prefabs/Sign_Office2.prefab using Guid(c5466e276c842fd4f99fe94ab0b7a11f) Importer(815301076,1909f56bfc062723c751e8b465ee728b)  -> (artifact id: 'e679c5b2c5d45abb2662d6fcc6690054') in 0.042324 seconds
  Import took 0.078149 seconds .

========================================================================
Received Import Request.
  Time since last request: 0.001126 seconds.
  path: Assets/Office Environment Set/Prefabs/Office2.prefab
  artifactKey: Guid(ba53506db1f18054fad244c7c37636fc) Importer(815301076,1909f56bfc062723c751e8b465ee728b)
Start importing Assets/Office Environment Set/Prefabs/Office2.prefab using Guid(ba53506db1f18054fad244c7c37636fc) Importer(815301076,1909f56bfc062723c751e8b465ee728b)  -> (artifact id: 'a3f9d3e019ef8332b586c7156a4b02f6') in 0.071703 seconds
  Import took 0.081689 seconds .

========================================================================
Received Import Request.
  Time since last request: 0.000694 seconds.
  path: Assets/Office Environment Set/Prefabs/Induction hob.prefab
  artifactKey: Guid(b4e90ae948f6f1e42aaa66b2c50f1717) Importer(815301076,1909f56bfc062723c751e8b465ee728b)
Start importing Assets/Office Environment Set/Prefabs/Induction hob.prefab using Guid(b4e90ae948f6f1e42aaa66b2c50f1717) Importer(815301076,1909f56bfc062723c751e8b465ee728b)  -> (artifact id: 'f9c03fde53d03ed1428b37c842cba009') in 0.058218 seconds
  Import took 0.066695 seconds .

========================================================================
Received Import Request.
  Time since last request: 0.000732 seconds.
  path: Assets/Office Environment Set/Prefabs/Are you happy.prefab
  artifactKey: Guid(1a9abcecc4e56ea4abd75134fc326e26) Importer(815301076,1909f56bfc062723c751e8b465ee728b)
Start importing Assets/Office Environment Set/Prefabs/Are you happy.prefab using Guid(1a9abcecc4e56ea4abd75134fc326e26) Importer(815301076,1909f56bfc062723c751e8b465ee728b)  -> (artifact id: '16e31f899b05acbdfbd6927b6fa1cdb7') in 0.050401 seconds
  Import took 0.056876 seconds .

========================================================================
Received Import Request.
  Time since last request: 0.000812 seconds.
  path: Assets/Office Environment Set/Prefabs/Worldmap.prefab
  artifactKey: Guid(92c7323b419cc304cb195ba0b4739862) Importer(815301076,1909f56bfc062723c751e8b465ee728b)
Start importing Assets/Office Environment Set/Prefabs/Worldmap.prefab using Guid(92c7323b419cc304cb195ba0b4739862) Importer(815301076,1909f56bfc062723c751e8b465ee728b)  -> (artifact id: 'cb1dd286fa3def4d5f5f5ba8f9e46ad7') in 0.035248 seconds
  Import took 0.043137 seconds .

========================================================================
Received Import Request.
  Time since last request: 0.000684 seconds.
  path: Assets/Office Environment Set/Prefabs/Fans.prefab
  artifactKey: Guid(77c053427caf275478c5e19c047ac33d) Importer(815301076,1909f56bfc062723c751e8b465ee728b)
Start importing Assets/Office Environment Set/Prefabs/Fans.prefab using Guid(77c053427caf275478c5e19c047ac33d) Importer(815301076,1909f56bfc062723c751e8b465ee728b)  -> (artifact id: '56338553a7e987162358f31b53a2e0e9') in 0.279875 seconds
  Import took 0.288588 seconds .

========================================================================
Received Import Request.
  Time since last request: 0.001076 seconds.
  path: Assets/Office Environment Set/Prefabs/Black chair.prefab
  artifactKey: Guid(f92f4d2f2aa42014daad18a873316a07) Importer(815301076,1909f56bfc062723c751e8b465ee728b)
Start importing Assets/Office Environment Set/Prefabs/Black chair.prefab using Guid(f92f4d2f2aa42014daad18a873316a07) Importer(815301076,1909f56bfc062723c751e8b465ee728b)  -> (artifact id: '147f629a079861d0b932b2ec4f43600b') in 0.045230 seconds
  Import took 0.055030 seconds .

========================================================================
Received Import Request.
  Time since last request: 0.001026 seconds.
  path: Assets/Office Environment Set/Prefabs/Chair.prefab
  artifactKey: Guid(6678057499ef31648903ecf2974dbcd9) Importer(815301076,1909f56bfc062723c751e8b465ee728b)
Start importing Assets/Office Environment Set/Prefabs/Chair.prefab using Guid(6678057499ef31648903ecf2974dbcd9) Importer(815301076,1909f56bfc062723c751e8b465ee728b)  -> (artifact id: 'ab4b94f36aeb64bb483cf38372d4c816') in 0.056135 seconds
  Import took 0.065917 seconds .

========================================================================
Received Import Request.
  Time since last request: 0.001021 seconds.
  path: Assets/Office Environment Set/Prefabs/Projektor.prefab
  artifactKey: Guid(423149d7b96389c40825510bc2df2e1e) Importer(815301076,1909f56bfc062723c751e8b465ee728b)
Start importing Assets/Office Environment Set/Prefabs/Projektor.prefab using Guid(423149d7b96389c40825510bc2df2e1e) Importer(815301076,1909f56bfc062723c751e8b465ee728b)  -> (artifact id: 'b3e0e6908e4492253dd3b3b0d2bada01') in 0.055905 seconds
  Import took 0.067730 seconds .

========================================================================
Received Import Request.
  Time since last request: 0.001473 seconds.
  path: Assets/Office Environment Set/Prefabs/akvarium.prefab
  artifactKey: Guid(e858068a90c6f3c47a9d41cdfb94c01d) Importer(815301076,1909f56bfc062723c751e8b465ee728b)
Start importing Assets/Office Environment Set/Prefabs/akvarium.prefab using Guid(e858068a90c6f3c47a9d41cdfb94c01d) Importer(815301076,1909f56bfc062723c751e8b465ee728b)  -> (artifact id: 'e991e61999b372abc6e0d9fd712cd05d') in 0.249195 seconds
  Import took 0.262636 seconds .

========================================================================
Received Import Request.
  Time since last request: 0.000709 seconds.
  path: Assets/Office Environment Set/Prefabs/Door.prefab
  artifactKey: Guid(1f5a9302d219aec419fd14d18fcff19c) Importer(815301076,1909f56bfc062723c751e8b465ee728b)
Start importing Assets/Office Environment Set/Prefabs/Door.prefab using Guid(1f5a9302d219aec419fd14d18fcff19c) Importer(815301076,1909f56bfc062723c751e8b465ee728b)  -> (artifact id: '22d2bac421cba8164c52df9b07e6ddbb') in 0.046688 seconds
  Import took 0.053946 seconds .

========================================================================
Received Import Request.
  Time since last request: 0.000704 seconds.
  path: Assets/Office Environment Set/Prefabs/Moving Chair.prefab
  artifactKey: Guid(a5981d5f15fbc174b9c0a1b4e179c486) Importer(815301076,1909f56bfc062723c751e8b465ee728b)
Start importing Assets/Office Environment Set/Prefabs/Moving Chair.prefab using Guid(a5981d5f15fbc174b9c0a1b4e179c486) Importer(815301076,1909f56bfc062723c751e8b465ee728b)  -> (artifact id: '450a509936aa70fd05b2cd3f5248daa0') in 0.049135 seconds
  Import took 0.056379 seconds .

========================================================================
Received Import Request.
  Time since last request: 0.000744 seconds.
  path: Assets/Office Environment Set/Prefabs
  artifactKey: Guid(c8c9a5bd27e5d1a47aa5b6296fad7286) Importer(815301076,1909f56bfc062723c751e8b465ee728b)
Start importing Assets/Office Environment Set/Prefabs using Guid(c8c9a5bd27e5d1a47aa5b6296fad7286) Importer(815301076,1909f56bfc062723c751e8b465ee728b)  -> (artifact id: 'ae68c102251ec8a6ed6982d7abcef2f3') in 0.054214 seconds
  Import took 0.061095 seconds .

========================================================================
Received Import Request.
  Time since last request: 0.000724 seconds.
  path: Assets/Office Environment Set/Prefabs/Wc set2.prefab
  artifactKey: Guid(63e35a678a09cf44fa127675390da966) Importer(815301076,1909f56bfc062723c751e8b465ee728b)
Start importing Assets/Office Environment Set/Prefabs/Wc set2.prefab using Guid(63e35a678a09cf44fa127675390da966) Importer(815301076,1909f56bfc062723c751e8b465ee728b)  -> (artifact id: 'b5be3adfabe46aeab08a434b27be8a2d') in 0.068701 seconds
  Import took 0.076269 seconds .

========================================================================
Received Import Request.
  Time since last request: 0.000624 seconds.
  path: Assets/Office Environment Set/Prefabs/Map.prefab
  artifactKey: Guid(6eed7597bf45f3c49bc90d03b508615a) Importer(815301076,1909f56bfc062723c751e8b465ee728b)
Start importing Assets/Office Environment Set/Prefabs/Map.prefab using Guid(6eed7597bf45f3c49bc90d03b508615a) Importer(815301076,1909f56bfc062723c751e8b465ee728b)  -> (artifact id: 'fd8b8c373acb7487341204bc1e391b07') in 0.026933 seconds
  Import took 0.031392 seconds .

========================================================================
Received Import Request.
  Time since last request: 0.000678 seconds.
  path: Assets/Office Environment Set/Prefabs/Sign_Meeting.prefab
  artifactKey: Guid(69ba2dbf4c053684a94a58b37d4cb978) Importer(815301076,1909f56bfc062723c751e8b465ee728b)
Start importing Assets/Office Environment Set/Prefabs/Sign_Meeting.prefab using Guid(69ba2dbf4c053684a94a58b37d4cb978) Importer(815301076,1909f56bfc062723c751e8b465ee728b)  -> (artifact id: '57b64cf31508909b2b27340bf9abc7c0') in 0.024802 seconds
  Import took 0.030334 seconds .

========================================================================
Received Import Request.
  Time since last request: 0.000555 seconds.
  path: Assets/Office Environment Set/Prefabs/Computer.prefab
  artifactKey: Guid(e08a5ded59fd48c479c240831f53d46c) Importer(815301076,1909f56bfc062723c751e8b465ee728b)
Start importing Assets/Office Environment Set/Prefabs/Computer.prefab using Guid(e08a5ded59fd48c479c240831f53d46c) Importer(815301076,1909f56bfc062723c751e8b465ee728b)  -> (artifact id: '59b447c8030cffc7347032eedb4e0802') in 0.026785 seconds
  Import took 0.033322 seconds .

========================================================================
Received Import Request.
  Time since last request: 0.000515 seconds.
  path: Assets/Office Environment Set/Prefabs/Wc set.prefab
  artifactKey: Guid(ecca7c1a07b01dc47b3ee8611d813ab8) Importer(815301076,1909f56bfc062723c751e8b465ee728b)
Start importing Assets/Office Environment Set/Prefabs/Wc set.prefab using Guid(ecca7c1a07b01dc47b3ee8611d813ab8) Importer(815301076,1909f56bfc062723c751e8b465ee728b)  -> (artifact id: '9aec44a58a63a25c5b67a9fdb00ede4f') in 0.058585 seconds
  Import took 0.064288 seconds .

========================================================================
Received Import Request.
  Time since last request: 0.001355 seconds.
  path: Assets/Office Environment Set/Prefabs/Kitchen_cabinet.prefab
  artifactKey: Guid(e548ccfe33498db478d7e672198125af) Importer(815301076,1909f56bfc062723c751e8b465ee728b)
Start importing Assets/Office Environment Set/Prefabs/Kitchen_cabinet.prefab using Guid(e548ccfe33498db478d7e672198125af) Importer(815301076,1909f56bfc062723c751e8b465ee728b)  -> (artifact id: '342d41f8d4d9f575d5b94661bd226e08') in 0.024379 seconds
  Import took 0.029455 seconds .

========================================================================
Received Import Request.
  Time since last request: 0.000375 seconds.
  path: Assets/Office Environment Set/Prefabs/Litentable.prefab
  artifactKey: Guid(166b0de786bf0254fb9817abf3134fdc) Importer(815301076,1909f56bfc062723c751e8b465ee728b)
Start importing Assets/Office Environment Set/Prefabs/Litentable.prefab using Guid(166b0de786bf0254fb9817abf3134fdc) Importer(815301076,1909f56bfc062723c751e8b465ee728b)  -> (artifact id: 'a29bdc305b81cf26f8614a911795c9f7') in 0.037901 seconds
  Import took 0.042632 seconds .

========================================================================
Received Import Request.
  Time since last request: 0.000626 seconds.
  path: Assets/Office Environment Set/Prefabs/Nummerlapp.prefab
  artifactKey: Guid(e6d06c7db55211a42bf3f01a71de1953) Importer(815301076,1909f56bfc062723c751e8b465ee728b)
Start importing Assets/Office Environment Set/Prefabs/Nummerlapp.prefab using Guid(e6d06c7db55211a42bf3f01a71de1953) Importer(815301076,1909f56bfc062723c751e8b465ee728b)  -> (artifact id: '22ac1bc944e2d9e07fb6ec2f06275bdf') in 0.038213 seconds
  Import took 0.043644 seconds .

========================================================================
Received Import Request.
  Time since last request: 0.000969 seconds.
  path: Assets/Office Environment Set/Prefabs/Soffa.prefab
  artifactKey: Guid(539d92005cac0c54996ca75f5cd11e5c) Importer(815301076,1909f56bfc062723c751e8b465ee728b)
Start importing Assets/Office Environment Set/Prefabs/Soffa.prefab using Guid(539d92005cac0c54996ca75f5cd11e5c) Importer(815301076,1909f56bfc062723c751e8b465ee728b)  -> (artifact id: '4ef76aa5540475e671e78bc5ad551557') in 0.036102 seconds
  Import took 0.044166 seconds .

========================================================================
Received Import Request.
  Time since last request: 0.000635 seconds.
  path: Assets/Office Environment Set/Prefabs/Upperlight.prefab
  artifactKey: Guid(900e0a564b4cc2844b91c1560a5e39ab) Importer(815301076,1909f56bfc062723c751e8b465ee728b)
Start importing Assets/Office Environment Set/Prefabs/Upperlight.prefab using Guid(900e0a564b4cc2844b91c1560a5e39ab) Importer(815301076,1909f56bfc062723c751e8b465ee728b)  -> (artifact id: 'bbd1483a2b7c7c1782559ae6cb91c4b8') in 0.027694 seconds
  Import took 0.034059 seconds .

========================================================================
Received Import Request.
  Time since last request: 0.000646 seconds.
  path: Assets/Office Environment Set/Prefabs/Telefone.prefab
  artifactKey: Guid(a1432dfcb4a5df44684cdba45b52ba06) Importer(815301076,1909f56bfc062723c751e8b465ee728b)
Start importing Assets/Office Environment Set/Prefabs/Telefone.prefab using Guid(a1432dfcb4a5df44684cdba45b52ba06) Importer(815301076,1909f56bfc062723c751e8b465ee728b)  -> (artifact id: 'beb474fd508b3ba20abd9e10eab85162') in 0.031776 seconds
  Import took 0.037595 seconds .

========================================================================
Received Import Request.
  Time since last request: 0.000751 seconds.
  path: Assets/Office Environment Set/Prefabs/Picture1.prefab
  artifactKey: Guid(453de458718ffd141a41a9039bebf0e6) Importer(815301076,1909f56bfc062723c751e8b465ee728b)
Start importing Assets/Office Environment Set/Prefabs/Picture1.prefab using Guid(453de458718ffd141a41a9039bebf0e6) Importer(815301076,1909f56bfc062723c751e8b465ee728b)  -> (artifact id: 'b3cdd36a5f7bbd2e631fff03e148a15b') in 0.062230 seconds
  Import took 0.067251 seconds .

========================================================================
Received Import Request.
  Time since last request: 0.000934 seconds.
  path: Assets/Office Environment Set/Prefabs/Big table.prefab
  artifactKey: Guid(623137ed56da8554cbed3273251e4779) Importer(815301076,1909f56bfc062723c751e8b465ee728b)
Start importing Assets/Office Environment Set/Prefabs/Big table.prefab using Guid(623137ed56da8554cbed3273251e4779) Importer(815301076,1909f56bfc062723c751e8b465ee728b)  -> (artifact id: '4b4df07a5868fe0a894aeeadd932a42d') in 0.029030 seconds
  Import took 0.034480 seconds .

