Using pre-set license
Built from '2020.2/release' branch; Version is '2020.2.4f1 (becced5a802b) revision 12504301'; Using compiler version '192528614'; Build Type 'Release'
OS: 'Windows 10 Home; OS build 19043.1110; Version 2009; 64bit' Language: 'he' Physical Memory: 8034 MB
BatchMode: 1, IsHumanControllingUs: 0, StartBugReporterOnCrash: 0, Is64bit: 1, IsPro: 0

 COMMAND LINE ARGUMENTS:
F:\Unity\Unity Hub\2019.4.18f1\Editor\Unity.exe
-adb2
-batchMode
-noUpm
-name
AssetImportWorker0
-projectPath
F:/Unity/Project/Unity-ArenaShooter
-logFile
Logs/AssetImportWorker0.log
-srvPort
65530
Successfully changed project path to: F:/Unity/Project/Unity-ArenaShooter
F:/Unity/Project/Unity-ArenaShooter
Using Asset Import Pipeline V2.
Refreshing native plugins compatible for Editor in 192.14 ms, found 0 plugins.
Preloading 0 native plugins for Editor in 0.00 ms.
Initialize engine version: 2020.2.4f1 (becced5a802b)
[Subsystems] Discovering subsystems at path F:/Unity/Unity Hub/2019.4.18f1/Editor/Data/Resources/UnitySubsystems
[Subsystems] Discovering subsystems at path F:/Unity/Project/Unity-ArenaShooter/Assets
GfxDevice: creating device client; threaded=0
Direct3D:
    Version:  Direct3D 11.0 [level 11.1]
    Renderer: Intel(R) UHD Graphics 620 (ID=0x3ea0)
    Vendor:   
    VRAM:     4017 MB
    Driver:   27.20.100.8935
Initialize mono
Mono path[0] = 'F:/Unity/Unity Hub/2019.4.18f1/Editor/Data/Managed'
Mono path[1] = 'F:/Unity/Unity Hub/2019.4.18f1/Editor/Data/MonoBleedingEdge/lib/mono/unityjit'
Mono config path = 'F:/Unity/Unity Hub/2019.4.18f1/Editor/Data/MonoBleedingEdge/etc'
Using monoOptions --debugger-agent=transport=dt_socket,embedding=1,server=y,suspend=n,address=127.0.0.1:56252
Begin MonoManager ReloadAssembly
Registering precompiled unity dll's ...
Register platform support module: F:/Unity/Unity Hub/2019.4.18f1/Editor/Data/PlaybackEngines/WindowsStandaloneSupport/UnityEditor.WindowsStandalone.Extensions.dll
Registered in 0.003281 seconds.
Native extension for WindowsStandalone target not found
Refreshing native plugins compatible for Editor in 125.55 ms, found 0 plugins.
Preloading 0 native plugins for Editor in 0.00 ms.
Invoked RoslynAnalysisRunner static constructor.
RoslynAnalysisRunner will not be running.
RoslynAnalysisRunner has terminated.
Mono: successfully reloaded assembly
- Completed reload, in  2.499 seconds
Platform modules already initialized, skipping
Registering precompiled user dll's ...
Registered in 0.003869 seconds.
Begin MonoManager ReloadAssembly
Native extension for WindowsStandalone target not found
Refreshing native plugins compatible for Editor in 1.13 ms, found 0 plugins.
Preloading 0 native plugins for Editor in 0.00 ms.
Invoked RoslynAnalysisRunner static constructor.
RoslynAnalysisRunner will not be running.
RoslynAnalysisRunner has terminated.
Mono: successfully reloaded assembly
- Completed reload, in  4.304 seconds
Platform modules already initialized, skipping
========================================================================
Worker process is ready to serve import requests
Launched and connected shader compiler UnityShaderCompiler.exe after 0.21 seconds
Refreshing native plugins compatible for Editor in 1.14 ms, found 0 plugins.
Preloading 0 native plugins for Editor in 0.00 ms.
Unloading 2219 Unused Serialized files (Serialized files now loaded: 0)
System memory in use before: 185.3 MB.
System memory in use after: 185.4 MB.

Unloading 98 unused Assets to reduce memory usage. Loaded Objects now: 2668.
Total: 6.991200 ms (FindLiveObjects: 0.562700 ms CreateObjectMapping: 0.232500 ms MarkObjects: 5.442000 ms  DeleteObjects: 0.751100 ms)

========================================================================
Received Import Request.
  path: Assets/Animations/Controllers/AiCtr.controller
  artifactKey: Guid(ed2db0a3d481a3e4ca2d4004660856c8) Importer(815301076,1909f56bfc062723c751e8b465ee728b)
Start importing Assets/Animations/Controllers/AiCtr.controller using Guid(ed2db0a3d481a3e4ca2d4004660856c8) Importer(815301076,1909f56bfc062723c751e8b465ee728b)  -> (artifact id: '371a9ad475f43ad41e1ebb1768e42842') in 0.610858 seconds
  Import took 0.690604 seconds .

========================================================================
Received Import Request.
  Time since last request: 175.518544 seconds.
  path: Assets/Prefabs/bc_door.prefab
  artifactKey: Guid(25c019800edb7084c83d64b7c58fc33b) Importer(815301076,1909f56bfc062723c751e8b465ee728b)
Start importing Assets/Prefabs/bc_door.prefab using Guid(25c019800edb7084c83d64b7c58fc33b) Importer(815301076,1909f56bfc062723c751e8b465ee728b)  -> (artifact id: 'dfd33d592c41ef9eaa0998181245cb98') in 1.247337 seconds
  Import took 1.292279 seconds .

========================================================================
Received Import Request.
  Time since last request: 0.000553 seconds.
  path: Assets/Prefabs/bc_stall_door 1.prefab
  artifactKey: Guid(14a469311cf702046a695550fa69744e) Importer(815301076,1909f56bfc062723c751e8b465ee728b)
Start importing Assets/Prefabs/bc_stall_door 1.prefab using Guid(14a469311cf702046a695550fa69744e) Importer(815301076,1909f56bfc062723c751e8b465ee728b)  -> (artifact id: '2ce5a9b40cada25594d1fe0fff78dfaf') in 0.042052 seconds
  Import took 0.075249 seconds .

========================================================================
Received Import Request.
  Time since last request: 5.713098 seconds.
  path: Assets/Prefabs/Testing/Ai_Testing/AI_Testing.prefab
  artifactKey: Guid(45fcb947ebcd6e045ab521f29b70c083) Importer(815301076,1909f56bfc062723c751e8b465ee728b)
Start importing Assets/Prefabs/Testing/Ai_Testing/AI_Testing.prefab using Guid(45fcb947ebcd6e045ab521f29b70c083) Importer(815301076,1909f56bfc062723c751e8b465ee728b)  -> (artifact id: '901ac678a32b76b0456eb4563773f1cc') in 0.181593 seconds
  Import took 0.257261 seconds .

========================================================================
Received Import Request.
  Time since last request: 3.615429 seconds.
  path: Assets/Prefabs/Testing/FPS_Testing/LaserWeapon.prefab
  artifactKey: Guid(463c4fef18360d5448a63d8fb675580f) Importer(815301076,1909f56bfc062723c751e8b465ee728b)
Start importing Assets/Prefabs/Testing/FPS_Testing/LaserWeapon.prefab using Guid(463c4fef18360d5448a63d8fb675580f) Importer(815301076,1909f56bfc062723c751e8b465ee728b)  -> (artifact id: '4af560fc9eb0f924c250389da1131fd5') in 1.003996 seconds
  Import took 1.056726 seconds .

========================================================================
Received Import Request.
  Time since last request: 0.001138 seconds.
  path: Assets/Prefabs/Testing/FPS_Testing/RifleWeapon.prefab
  artifactKey: Guid(6fc48db1d539ab04fb09d158508fc6f8) Importer(815301076,1909f56bfc062723c751e8b465ee728b)
Start importing Assets/Prefabs/Testing/FPS_Testing/RifleWeapon.prefab using Guid(6fc48db1d539ab04fb09d158508fc6f8) Importer(815301076,1909f56bfc062723c751e8b465ee728b)  -> (artifact id: 'edfa352af41fa634350619b76da34201') in 0.078615 seconds
  Import took 0.154299 seconds .

========================================================================
Received Import Request.
  Time since last request: 13.837889 seconds.
  path: Assets/Prefabs/NPC/Animations/reloading.anim
  artifactKey: Guid(d05fb1f30c151024a897e9dba56c17e2) Importer(815301076,1909f56bfc062723c751e8b465ee728b)
Start importing Assets/Prefabs/NPC/Animations/reloading.anim using Guid(d05fb1f30c151024a897e9dba56c17e2) Importer(815301076,1909f56bfc062723c751e8b465ee728b)  -> (artifact id: '3d3b87425a81408ba01bf9455dff4204') in 0.080270 seconds
  Import took 0.131396 seconds .

========================================================================
Received Import Request.
  Time since last request: 0.037195 seconds.
  path: Assets/Prefabs/NPC/Animations/reloading.anim
  artifactKey: Guid(d05fb1f30c151024a897e9dba56c17e2) Importer(815301076,1909f56bfc062723c751e8b465ee728b)
Start importing Assets/Prefabs/NPC/Animations/reloading.anim using Guid(d05fb1f30c151024a897e9dba56c17e2) Importer(815301076,1909f56bfc062723c751e8b465ee728b)  -> (artifact id: '3d3b87425a81408ba01bf9455dff4204') in 0.029266 seconds
  Import took 0.041852 seconds .

========================================================================
Received Import Request.
  Time since last request: 3.659684 seconds.
  path: Assets/Prefabs/NPC/Idle.fbx
  artifactKey: Guid(f2cba96ce4d2244479b699561c7ea377) Importer(815301076,1909f56bfc062723c751e8b465ee728b)
Start importing Assets/Prefabs/NPC/Idle.fbx using Guid(f2cba96ce4d2244479b699561c7ea377) Importer(815301076,1909f56bfc062723c751e8b465ee728b)  -> (artifact id: 'c1ad442e3566c100289a42ee8ab25476') in 0.354635 seconds
  Import took 0.428899 seconds .

========================================================================
Received Import Request.
  Time since last request: 1.528029 seconds.
  path: Assets/Prefabs/NPC/Animation
  artifactKey: Guid(cb5347e0d616ba844894c027970a500e) Importer(815301076,1909f56bfc062723c751e8b465ee728b)
Start importing Assets/Prefabs/NPC/Animation using Guid(cb5347e0d616ba844894c027970a500e) Importer(815301076,1909f56bfc062723c751e8b465ee728b)  -> (artifact id: 'e8d1544f26f898e4d57516df2363e2e9') in 0.009304 seconds
  Import took 0.025530 seconds .

========================================================================
Received Import Request.
  Time since last request: 0.020126 seconds.
  path: Assets/Prefabs/NPC/Animation/Rifle Aim To Down.fbx
  artifactKey: Guid(77354810b6d66fb40a010764eff451fe) Importer(815301076,1909f56bfc062723c751e8b465ee728b)
Start importing Assets/Prefabs/NPC/Animation/Rifle Aim To Down.fbx using Guid(77354810b6d66fb40a010764eff451fe) Importer(815301076,1909f56bfc062723c751e8b465ee728b)  -> (artifact id: '1378f76a295646aee6e5bd4812a62f28') in 0.975681 seconds
  Import took 1.057012 seconds .

========================================================================
Received Import Request.
  Time since last request: 0.001390 seconds.
  path: Assets/Prefabs/NPC/Animation/Rifle Pull Out.fbx
  artifactKey: Guid(03336eec4576bb449be6e1ff86f661a8) Importer(815301076,1909f56bfc062723c751e8b465ee728b)
Start importing Assets/Prefabs/NPC/Animation/Rifle Pull Out.fbx using Guid(03336eec4576bb449be6e1ff86f661a8) Importer(815301076,1909f56bfc062723c751e8b465ee728b)  -> (artifact id: 'fed0df3590caa8f967e414fb6a7f5abf') in 0.746999 seconds
  Import took 0.817200 seconds .

========================================================================
Received Import Request.
  Time since last request: 0.000554 seconds.
  path: Assets/Prefabs/NPC/Animation/Rifle Aiming Idle.fbx
  artifactKey: Guid(98309f5a6aae9d941aa582757c517dce) Importer(815301076,1909f56bfc062723c751e8b465ee728b)
Start importing Assets/Prefabs/NPC/Animation/Rifle Aiming Idle.fbx using Guid(98309f5a6aae9d941aa582757c517dce) Importer(815301076,1909f56bfc062723c751e8b465ee728b)  -> (artifact id: '1d7961e732582b0b5a1f2ce4a4130667') in 1.247109 seconds
  Import took 1.284371 seconds .

========================================================================
Received Import Request.
  Time since last request: 0.000742 seconds.
  path: Assets/Prefabs/NPC/Animation/Rifle Down To Aim.fbx
  artifactKey: Guid(c06c5ea4fa04ec94c9d6266d76887529) Importer(815301076,1909f56bfc062723c751e8b465ee728b)
Start importing Assets/Prefabs/NPC/Animation/Rifle Down To Aim.fbx using Guid(c06c5ea4fa04ec94c9d6266d76887529) Importer(815301076,1909f56bfc062723c751e8b465ee728b)  -> (artifact id: '83210ba34b2cb822bdfb5a3181e3d4b6') in 1.189927 seconds
  Import took 1.229001 seconds .

========================================================================
Received Import Request.
  Time since last request: 89.628139 seconds.
  path: Assets/Prefabs/NPC/Animation/Reloading.fbx
  artifactKey: Guid(7c2a1e59c356de14bbd45a18eec09780) Importer(815301076,1909f56bfc062723c751e8b465ee728b)
Start importing Assets/Prefabs/NPC/Animation/Reloading.fbx using Guid(7c2a1e59c356de14bbd45a18eec09780) Importer(815301076,1909f56bfc062723c751e8b465ee728b)  -> (artifact id: 'a05d4105b1ac165d5e605b7275e14ba2') in 0.153956 seconds
  Import took 0.185930 seconds .

========================================================================
Received Import Request.
  Time since last request: 18.063315 seconds.
  path: Assets/Prefabs/NPC/Animation/Reloading.fbx
  artifactKey: Guid(7c2a1e59c356de14bbd45a18eec09780) Importer(815301076,1909f56bfc062723c751e8b465ee728b)
Start importing Assets/Prefabs/NPC/Animation/Reloading.fbx using Guid(7c2a1e59c356de14bbd45a18eec09780) Importer(815301076,1909f56bfc062723c751e8b465ee728b)  -> (artifact id: 'ee33c0e566be1ef3122726b6ecd6253e') in 0.102198 seconds
  Import took 0.128741 seconds .

========================================================================
Received Import Request.
  Time since last request: 11.709538 seconds.
  path: Assets/Prefabs/NPC/Animation/mixamo.com.anim
  artifactKey: Guid(c901c32ca5a1b02468fe986e97b00005) Importer(815301076,1909f56bfc062723c751e8b465ee728b)
Start importing Assets/Prefabs/NPC/Animation/mixamo.com.anim using Guid(c901c32ca5a1b02468fe986e97b00005) Importer(815301076,1909f56bfc062723c751e8b465ee728b)  -> (artifact id: 'ba791050c7b78762f0dae825c31327d7') in 0.042054 seconds
  Import took 0.132130 seconds .

========================================================================
Received Import Request.
  Time since last request: 2.570209 seconds.
  path: Assets/Prefabs/NPC/Animation/Reloading.anim
  artifactKey: Guid(c901c32ca5a1b02468fe986e97b00005) Importer(815301076,1909f56bfc062723c751e8b465ee728b)
Start importing Assets/Prefabs/NPC/Animation/Reloading.anim using Guid(c901c32ca5a1b02468fe986e97b00005) Importer(815301076,1909f56bfc062723c751e8b465ee728b)  -> (artifact id: '301bf5278579fd6342608f35eaeea31e') in 0.031919 seconds
  Import took 0.089090 seconds .

========================================================================
Received Import Request.
  Time since last request: 136.034139 seconds.
  path: Assets/Animations/Controllers/AiCtr.controller
  artifactKey: Guid(ed2db0a3d481a3e4ca2d4004660856c8) Importer(815301076,1909f56bfc062723c751e8b465ee728b)
Start importing Assets/Animations/Controllers/AiCtr.controller using Guid(ed2db0a3d481a3e4ca2d4004660856c8) Importer(815301076,1909f56bfc062723c751e8b465ee728b)  -> (artifact id: '71cf5285e04797d379b311a0d48cc530') in 0.131503 seconds
  Import took 0.636488 seconds .

========================================================================
Received Import Request.
  Time since last request: 26.311393 seconds.
  path: Assets/Scripts/AI_Testing/AiFindWeaonState.cs
  artifactKey: Guid(eff9ba23274d60f42952aa1148e048a2) Importer(815301076,1909f56bfc062723c751e8b465ee728b)
Start importing Assets/Scripts/AI_Testing/AiFindWeaonState.cs using Guid(eff9ba23274d60f42952aa1148e048a2) Importer(815301076,1909f56bfc062723c751e8b465ee728b)  -> (artifact id: 'a4732e9b37a89de1b6fca0ecd8e14558') in 0.034040 seconds
  Import took 0.060619 seconds .

========================================================================
Received Import Request.
  Time since last request: 1.552514 seconds.
  path: Assets/Scripts/AI_Testing/AiState.cs
  artifactKey: Guid(f7f6e4247b7abd44895c5e2fafc83063) Importer(815301076,1909f56bfc062723c751e8b465ee728b)
Start importing Assets/Scripts/AI_Testing/AiState.cs using Guid(f7f6e4247b7abd44895c5e2fafc83063) Importer(815301076,1909f56bfc062723c751e8b465ee728b)  -> (artifact id: '8ebd04d212766adc36de32f663074247') in 0.010062 seconds
  Import took 0.051475 seconds .

========================================================================
Received Import Request.
  Time since last request: 3.390225 seconds.
  path: Assets/Scripts/AI_Testing/AiWeapons.cs
  artifactKey: Guid(31bb2dbad225e0642825a7ce05a1bdfe) Importer(815301076,1909f56bfc062723c751e8b465ee728b)
Start importing Assets/Scripts/AI_Testing/AiWeapons.cs using Guid(31bb2dbad225e0642825a7ce05a1bdfe) Importer(815301076,1909f56bfc062723c751e8b465ee728b)  -> (artifact id: 'c51b1a1c1376ab44149c578cea170dbc') in 0.007617 seconds
  Import took 0.051437 seconds .

========================================================================
Received Prepare
Registering precompiled user dll's ...
Registered in 0.002380 seconds.
Begin MonoManager ReloadAssembly
Native extension for WindowsStandalone target not found
Refreshing native plugins compatible for Editor in 4.34 ms, found 0 plugins.
Preloading 0 native plugins for Editor in 0.00 ms.
Warning: Annotation not found!
UnityEngine.StackTraceUtility:ExtractStackTrace ()
UnityEditor.ProBuilder.EditorUtility:SetGizmoIconEnabled (System.Type,bool) (at Library/PackageCache/com.unity.probuilder@4.5.0/Editor/EditorCore/EditorUtility.cs:593)
UnityEditor.ProBuilder.HierarchyListener:.cctor () (at Library/PackageCache/com.unity.probuilder@4.5.0/Editor/EditorCore/HierarchyListener.cs:21)
System.Runtime.CompilerServices.RuntimeHelpers:RunClassConstructor (System.RuntimeTypeHandle)
UnityEditor.EditorAssemblies:ProcessInitializeOnLoadAttributes (System.Type[])

[Library/PackageCache/com.unity.probuilder@4.5.0/Editor/EditorCore/EditorUtility.cs line 593]

Invoked RoslynAnalysisRunner static constructor.
RoslynAnalysisRunner will not be running.
RoslynAnalysisRunner has terminated.
Mono: successfully reloaded assembly
- Completed reload, in  1.914 seconds
Platform modules already initialized, skipping
Refreshing native plugins compatible for Editor in 1.02 ms, found 0 plugins.
Preloading 0 native plugins for Editor in 0.00 ms.
Unloading 2135 Unused Serialized files (Serialized files now loaded: 0)
System memory in use before: 182.6 MB.
System memory in use after: 182.7 MB.

Unloading 11 unused Assets to reduce memory usage. Loaded Objects now: 2713.
Total: 3.803500 ms (FindLiveObjects: 0.370300 ms CreateObjectMapping: 0.124700 ms MarkObjects: 3.094900 ms  DeleteObjects: 0.212400 ms)

========================================================================
Received Prepare
Registering precompiled user dll's ...
Registered in 0.002591 seconds.
Begin MonoManager ReloadAssembly
Native extension for WindowsStandalone target not found
Refreshing native plugins compatible for Editor in 0.79 ms, found 0 plugins.
Preloading 0 native plugins for Editor in 0.00 ms.
Warning: Annotation not found!
UnityEngine.StackTraceUtility:ExtractStackTrace ()
UnityEditor.ProBuilder.EditorUtility:SetGizmoIconEnabled (System.Type,bool) (at Library/PackageCache/com.unity.probuilder@4.5.0/Editor/EditorCore/EditorUtility.cs:593)
UnityEditor.ProBuilder.HierarchyListener:.cctor () (at Library/PackageCache/com.unity.probuilder@4.5.0/Editor/EditorCore/HierarchyListener.cs:21)
System.Runtime.CompilerServices.RuntimeHelpers:RunClassConstructor (System.RuntimeTypeHandle)
UnityEditor.EditorAssemblies:ProcessInitializeOnLoadAttributes (System.Type[])

[Library/PackageCache/com.unity.probuilder@4.5.0/Editor/EditorCore/EditorUtility.cs line 593]

Invoked RoslynAnalysisRunner static constructor.
RoslynAnalysisRunner will not be running.
RoslynAnalysisRunner has terminated.
Mono: successfully reloaded assembly
- Completed reload, in  1.362 seconds
Platform modules already initialized, skipping
Refreshing native plugins compatible for Editor in 1.03 ms, found 0 plugins.
Preloading 0 native plugins for Editor in 0.00 ms.
Unloading 2135 Unused Serialized files (Serialized files now loaded: 0)
System memory in use before: 182.7 MB.
System memory in use after: 182.7 MB.

Unloading 8 unused Assets to reduce memory usage. Loaded Objects now: 2715.
Total: 3.341800 ms (FindLiveObjects: 0.276900 ms CreateObjectMapping: 0.129300 ms MarkObjects: 2.735600 ms  DeleteObjects: 0.198500 ms)

========================================================================
Received Import Request.
  Time since last request: 1530.974993 seconds.
  path: Assets/Scripts/AI_Testing/AiAttackPlayerState.cs
  artifactKey: Guid(0032cc99508e39d46903b85e8ae4da89) Importer(815301076,1909f56bfc062723c751e8b465ee728b)
Start importing Assets/Scripts/AI_Testing/AiAttackPlayerState.cs using Guid(0032cc99508e39d46903b85e8ae4da89) Importer(815301076,1909f56bfc062723c751e8b465ee728b)  -> (artifact id: 'c3fa617236c70c5e8e50b0292abacf42') in 0.045612 seconds
  Import took 0.097233 seconds .

========================================================================
Received Prepare
Registering precompiled user dll's ...
Registered in 0.002612 seconds.
Begin MonoManager ReloadAssembly
Native extension for WindowsStandalone target not found
Refreshing native plugins compatible for Editor in 0.79 ms, found 0 plugins.
Preloading 0 native plugins for Editor in 0.00 ms.
Warning: Annotation not found!
UnityEngine.StackTraceUtility:ExtractStackTrace ()
UnityEditor.ProBuilder.EditorUtility:SetGizmoIconEnabled (System.Type,bool) (at Library/PackageCache/com.unity.probuilder@4.5.0/Editor/EditorCore/EditorUtility.cs:593)
UnityEditor.ProBuilder.HierarchyListener:.cctor () (at Library/PackageCache/com.unity.probuilder@4.5.0/Editor/EditorCore/HierarchyListener.cs:21)
System.Runtime.CompilerServices.RuntimeHelpers:RunClassConstructor (System.RuntimeTypeHandle)
UnityEditor.EditorAssemblies:ProcessInitializeOnLoadAttributes (System.Type[])

[Library/PackageCache/com.unity.probuilder@4.5.0/Editor/EditorCore/EditorUtility.cs line 593]

Invoked RoslynAnalysisRunner static constructor.
RoslynAnalysisRunner will not be running.
RoslynAnalysisRunner has terminated.
Mono: successfully reloaded assembly
- Completed reload, in  1.359 seconds
Platform modules already initialized, skipping
Refreshing native plugins compatible for Editor in 0.69 ms, found 0 plugins.
Preloading 0 native plugins for Editor in 0.00 ms.
Unloading 2135 Unused Serialized files (Serialized files now loaded: 0)
System memory in use before: 182.7 MB.
System memory in use after: 182.8 MB.

Unloading 8 unused Assets to reduce memory usage. Loaded Objects now: 2717.
Total: 3.194300 ms (FindLiveObjects: 0.294500 ms CreateObjectMapping: 0.118000 ms MarkObjects: 2.601600 ms  DeleteObjects: 0.178800 ms)

========================================================================
Received Import Request.
  Time since last request: 128.589846 seconds.
  path: Assets/Scripts/AI_Testing/AiAttackPlayerState.cs
  artifactKey: Guid(0032cc99508e39d46903b85e8ae4da89) Importer(815301076,1909f56bfc062723c751e8b465ee728b)
Start importing Assets/Scripts/AI_Testing/AiAttackPlayerState.cs using Guid(0032cc99508e39d46903b85e8ae4da89) Importer(815301076,1909f56bfc062723c751e8b465ee728b)  -> (artifact id: '1ee17ffad524508c9624378b39ad220d') in 0.008735 seconds
  Import took 0.059757 seconds .

========================================================================
Received Prepare
Registering precompiled user dll's ...
Registered in 0.002886 seconds.
Begin MonoManager ReloadAssembly
Native extension for WindowsStandalone target not found
Refreshing native plugins compatible for Editor in 0.65 ms, found 0 plugins.
Preloading 0 native plugins for Editor in 0.00 ms.
Warning: Annotation not found!
UnityEngine.StackTraceUtility:ExtractStackTrace ()
UnityEditor.ProBuilder.EditorUtility:SetGizmoIconEnabled (System.Type,bool) (at Library/PackageCache/com.unity.probuilder@4.5.0/Editor/EditorCore/EditorUtility.cs:593)
UnityEditor.ProBuilder.HierarchyListener:.cctor () (at Library/PackageCache/com.unity.probuilder@4.5.0/Editor/EditorCore/HierarchyListener.cs:21)
System.Runtime.CompilerServices.RuntimeHelpers:RunClassConstructor (System.RuntimeTypeHandle)
UnityEditor.EditorAssemblies:ProcessInitializeOnLoadAttributes (System.Type[])

[Library/PackageCache/com.unity.probuilder@4.5.0/Editor/EditorCore/EditorUtility.cs line 593]

Invoked RoslynAnalysisRunner static constructor.
RoslynAnalysisRunner will not be running.
RoslynAnalysisRunner has terminated.
Mono: successfully reloaded assembly
- Completed reload, in  1.203 seconds
Platform modules already initialized, skipping
Refreshing native plugins compatible for Editor in 0.68 ms, found 0 plugins.
Preloading 0 native plugins for Editor in 0.00 ms.
Unloading 2135 Unused Serialized files (Serialized files now loaded: 0)
System memory in use before: 182.8 MB.
System memory in use after: 182.8 MB.

Unloading 8 unused Assets to reduce memory usage. Loaded Objects now: 2719.
Total: 2.835100 ms (FindLiveObjects: 0.273200 ms CreateObjectMapping: 0.111100 ms MarkObjects: 2.270500 ms  DeleteObjects: 0.179200 ms)

========================================================================
Received Prepare
Registering precompiled user dll's ...
Registered in 0.002518 seconds.
Begin MonoManager ReloadAssembly
Native extension for WindowsStandalone target not found
Refreshing native plugins compatible for Editor in 0.70 ms, found 0 plugins.
Preloading 0 native plugins for Editor in 0.00 ms.
Warning: Annotation not found!
UnityEngine.StackTraceUtility:ExtractStackTrace ()
UnityEditor.ProBuilder.EditorUtility:SetGizmoIconEnabled (System.Type,bool) (at Library/PackageCache/com.unity.probuilder@4.5.0/Editor/EditorCore/EditorUtility.cs:593)
UnityEditor.ProBuilder.HierarchyListener:.cctor () (at Library/PackageCache/com.unity.probuilder@4.5.0/Editor/EditorCore/HierarchyListener.cs:21)
System.Runtime.CompilerServices.RuntimeHelpers:RunClassConstructor (System.RuntimeTypeHandle)
UnityEditor.EditorAssemblies:ProcessInitializeOnLoadAttributes (System.Type[])

[Library/PackageCache/com.unity.probuilder@4.5.0/Editor/EditorCore/EditorUtility.cs line 593]

Invoked RoslynAnalysisRunner static constructor.
RoslynAnalysisRunner will not be running.
RoslynAnalysisRunner has terminated.
Mono: successfully reloaded assembly
- Completed reload, in  1.162 seconds
Platform modules already initialized, skipping
Refreshing native plugins compatible for Editor in 0.66 ms, found 0 plugins.
Preloading 0 native plugins for Editor in 0.00 ms.
Unloading 2135 Unused Serialized files (Serialized files now loaded: 0)
System memory in use before: 182.8 MB.
System memory in use after: 182.8 MB.

Unloading 8 unused Assets to reduce memory usage. Loaded Objects now: 2721.
Total: 2.950900 ms (FindLiveObjects: 0.258400 ms CreateObjectMapping: 0.106800 ms MarkObjects: 2.383200 ms  DeleteObjects: 0.201100 ms)

========================================================================
Received Import Request.
  Time since last request: 379.260275 seconds.
  path: Assets/Prefabs/Testing/FPS_Testing/LaserWeapon.prefab
  artifactKey: Guid(463c4fef18360d5448a63d8fb675580f) Importer(815301076,1909f56bfc062723c751e8b465ee728b)
Start importing Assets/Prefabs/Testing/FPS_Testing/LaserWeapon.prefab using Guid(463c4fef18360d5448a63d8fb675580f) Importer(815301076,1909f56bfc062723c751e8b465ee728b)  -> (artifact id: 'bbbcf9b11ed3b5b45604d551df6c44a6') in 1.035724 seconds
  Import took 1.108114 seconds .

========================================================================
Received Prepare
Registering precompiled user dll's ...
Registered in 0.003384 seconds.
Begin MonoManager ReloadAssembly
Native extension for WindowsStandalone target not found
Refreshing native plugins compatible for Editor in 0.74 ms, found 0 plugins.
Preloading 0 native plugins for Editor in 0.00 ms.
Warning: Annotation not found!
UnityEngine.StackTraceUtility:ExtractStackTrace ()
UnityEditor.ProBuilder.EditorUtility:SetGizmoIconEnabled (System.Type,bool) (at Library/PackageCache/com.unity.probuilder@4.5.0/Editor/EditorCore/EditorUtility.cs:593)
UnityEditor.ProBuilder.HierarchyListener:.cctor () (at Library/PackageCache/com.unity.probuilder@4.5.0/Editor/EditorCore/HierarchyListener.cs:21)
System.Runtime.CompilerServices.RuntimeHelpers:RunClassConstructor (System.RuntimeTypeHandle)
UnityEditor.EditorAssemblies:ProcessInitializeOnLoadAttributes (System.Type[])

[Library/PackageCache/com.unity.probuilder@4.5.0/Editor/EditorCore/EditorUtility.cs line 593]

Invoked RoslynAnalysisRunner static constructor.
RoslynAnalysisRunner will not be running.
RoslynAnalysisRunner has terminated.
Mono: successfully reloaded assembly
- Completed reload, in  1.506 seconds
Platform modules already initialized, skipping
Refreshing native plugins compatible for Editor in 0.80 ms, found 0 plugins.
Preloading 0 native plugins for Editor in 0.00 ms.
Unloading 2135 Unused Serialized files (Serialized files now loaded: 0)
System memory in use before: 182.9 MB.
System memory in use after: 183.0 MB.

Unloading 10 unused Assets to reduce memory usage. Loaded Objects now: 2724.
Total: 4.193200 ms (FindLiveObjects: 0.387400 ms CreateObjectMapping: 0.181700 ms MarkObjects: 3.311400 ms  DeleteObjects: 0.311100 ms)

========================================================================
Received Import Request.
  Time since last request: 58.325874 seconds.
  path: Assets/Prefabs/Testing/FPS_Testing/LaserWeapon.prefab
  artifactKey: Guid(463c4fef18360d5448a63d8fb675580f) Importer(815301076,1909f56bfc062723c751e8b465ee728b)
Start importing Assets/Prefabs/Testing/FPS_Testing/LaserWeapon.prefab using Guid(463c4fef18360d5448a63d8fb675580f) Importer(815301076,1909f56bfc062723c751e8b465ee728b)  -> (artifact id: '13c29df3d7eaeff85a6449119d98f85f') in 0.116261 seconds
  Import took 0.176683 seconds .

========================================================================
Received Import Request.
  Time since last request: 2.312648 seconds.
  path: Assets/Prefabs/Testing/FPS_Testing/LaserWeapon.prefab
  artifactKey: Guid(463c4fef18360d5448a63d8fb675580f) Importer(815301076,1909f56bfc062723c751e8b465ee728b)
Start importing Assets/Prefabs/Testing/FPS_Testing/LaserWeapon.prefab using Guid(463c4fef18360d5448a63d8fb675580f) Importer(815301076,1909f56bfc062723c751e8b465ee728b)  -> (artifact id: '13c29df3d7eaeff85a6449119d98f85f') in 0.046906 seconds
  Import took 0.055990 seconds .

========================================================================
Received Prepare
Registering precompiled user dll's ...
Registered in 0.002972 seconds.
Begin MonoManager ReloadAssembly
Native extension for WindowsStandalone target not found
Refreshing native plugins compatible for Editor in 0.88 ms, found 0 plugins.
Preloading 0 native plugins for Editor in 0.00 ms.
Warning: Annotation not found!
UnityEngine.StackTraceUtility:ExtractStackTrace ()
UnityEditor.ProBuilder.EditorUtility:SetGizmoIconEnabled (System.Type,bool) (at Library/PackageCache/com.unity.probuilder@4.5.0/Editor/EditorCore/EditorUtility.cs:593)
UnityEditor.ProBuilder.HierarchyListener:.cctor () (at Library/PackageCache/com.unity.probuilder@4.5.0/Editor/EditorCore/HierarchyListener.cs:21)
System.Runtime.CompilerServices.RuntimeHelpers:RunClassConstructor (System.RuntimeTypeHandle)
UnityEditor.EditorAssemblies:ProcessInitializeOnLoadAttributes (System.Type[])

[Library/PackageCache/com.unity.probuilder@4.5.0/Editor/EditorCore/EditorUtility.cs line 593]

Invoked RoslynAnalysisRunner static constructor.
RoslynAnalysisRunner will not be running.
RoslynAnalysisRunner has terminated.
Mono: successfully reloaded assembly
- Completed reload, in  1.589 seconds
Platform modules already initialized, skipping
Refreshing native plugins compatible for Editor in 0.83 ms, found 0 plugins.
Preloading 0 native plugins for Editor in 0.00 ms.
Unloading 2135 Unused Serialized files (Serialized files now loaded: 0)
System memory in use before: 182.9 MB.
System memory in use after: 183.0 MB.

Unloading 10 unused Assets to reduce memory usage. Loaded Objects now: 2727.
Total: 3.181600 ms (FindLiveObjects: 0.315100 ms CreateObjectMapping: 0.153500 ms MarkObjects: 2.482000 ms  DeleteObjects: 0.229700 ms)

========================================================================
Received Prepare
Registering precompiled user dll's ...
Registered in 0.003513 seconds.
Begin MonoManager ReloadAssembly
Native extension for WindowsStandalone target not found
Refreshing native plugins compatible for Editor in 0.78 ms, found 0 plugins.
Preloading 0 native plugins for Editor in 0.00 ms.
Warning: Annotation not found!
UnityEngine.StackTraceUtility:ExtractStackTrace ()
UnityEditor.ProBuilder.EditorUtility:SetGizmoIconEnabled (System.Type,bool) (at Library/PackageCache/com.unity.probuilder@4.5.0/Editor/EditorCore/EditorUtility.cs:593)
UnityEditor.ProBuilder.HierarchyListener:.cctor () (at Library/PackageCache/com.unity.probuilder@4.5.0/Editor/EditorCore/HierarchyListener.cs:21)
System.Runtime.CompilerServices.RuntimeHelpers:RunClassConstructor (System.RuntimeTypeHandle)
UnityEditor.EditorAssemblies:ProcessInitializeOnLoadAttributes (System.Type[])

[Library/PackageCache/com.unity.probuilder@4.5.0/Editor/EditorCore/EditorUtility.cs line 593]

Invoked RoslynAnalysisRunner static constructor.
RoslynAnalysisRunner will not be running.
RoslynAnalysisRunner has terminated.
Mono: successfully reloaded assembly
- Completed reload, in  2.314 seconds
Platform modules already initialized, skipping
Refreshing native plugins compatible for Editor in 3.96 ms, found 0 plugins.
Preloading 0 native plugins for Editor in 0.00 ms.
Unloading 2135 Unused Serialized files (Serialized files now loaded: 0)
System memory in use before: 182.9 MB.
System memory in use after: 183.0 MB.

Unloading 8 unused Assets to reduce memory usage. Loaded Objects now: 2729.
Total: 13.605300 ms (FindLiveObjects: 3.358700 ms CreateObjectMapping: 2.080900 ms MarkObjects: 7.601500 ms  DeleteObjects: 0.559000 ms)

