Using pre-set license
Built from '2020.2/release' branch; Version is '2020.2.4f1 (becced5a802b) revision 12504301'; Using compiler version '192528614'; Build Type 'Release'
OS: 'Windows 10 Home; OS build 19041.1052; Version 2004; 64bit' Language: 'he' Physical Memory: 8034 MB
BatchMode: 1, IsHumanControllingUs: 0, StartBugReporterOnCrash: 0, Is64bit: 1, IsPro: 0

 COMMAND LINE ARGUMENTS:
F:\Unity\Unity Hub\2019.4.18f1\Editor\Unity.exe
-adb2
-batchMode
-noUpm
-name
AssetImportWorker2
-projectPath
F:/Unity/Project/Unity-ArenaShooter
-logFile
Logs/AssetImportWorker2.log
-srvPort
64803
Successfully changed project path to: F:/Unity/Project/Unity-ArenaShooter
F:/Unity/Project/Unity-ArenaShooter
Using Asset Import Pipeline V2.
Refreshing native plugins compatible for Editor in 87.26 ms, found 0 plugins.
Preloading 0 native plugins for Editor in 0.00 ms.
Initialize engine version: 2020.2.4f1 (becced5a802b)
[Subsystems] Discovering subsystems at path F:/Unity/Unity Hub/2019.4.18f1/Editor/Data/Resources/UnitySubsystems
[Subsystems] Discovering subsystems at path F:/Unity/Project/Unity-ArenaShooter/Assets
GfxDevice: creating device client; threaded=0
Direct3D:
    Version:  Direct3D 11.0 [level 11.1]
    Renderer: Intel(R) UHD Graphics 620 (ID=0x3ea0)
    Vendor:   
    VRAM:     4017 MB
    Driver:   27.20.100.8935
Initialize mono
Mono path[0] = 'F:/Unity/Unity Hub/2019.4.18f1/Editor/Data/Managed'
Mono path[1] = 'F:/Unity/Unity Hub/2019.4.18f1/Editor/Data/MonoBleedingEdge/lib/mono/unityjit'
Mono config path = 'F:/Unity/Unity Hub/2019.4.18f1/Editor/Data/MonoBleedingEdge/etc'
Using monoOptions --debugger-agent=transport=dt_socket,embedding=1,server=y,suspend=n,address=127.0.0.1:56860
Begin MonoManager ReloadAssembly
Registering precompiled unity dll's ...
Register platform support module: F:/Unity/Unity Hub/2019.4.18f1/Editor/Data/PlaybackEngines/WindowsStandaloneSupport/UnityEditor.WindowsStandalone.Extensions.dll
Registered in 0.002861 seconds.
Native extension for WindowsStandalone target not found
Refreshing native plugins compatible for Editor in 106.18 ms, found 0 plugins.
Preloading 0 native plugins for Editor in 0.00 ms.
Invoked RoslynAnalysisRunner static constructor.
RoslynAnalysisRunner will not be running.
RoslynAnalysisRunner has terminated.
Mono: successfully reloaded assembly
- Completed reload, in  2.556 seconds
Platform modules already initialized, skipping
Registering precompiled user dll's ...
Registered in 0.004928 seconds.
Begin MonoManager ReloadAssembly
Native extension for WindowsStandalone target not found
Refreshing native plugins compatible for Editor in 1.47 ms, found 0 plugins.
Preloading 0 native plugins for Editor in 0.00 ms.
Invoked RoslynAnalysisRunner static constructor.
RoslynAnalysisRunner will not be running.
RoslynAnalysisRunner has terminated.
Mono: successfully reloaded assembly
- Completed reload, in  3.253 seconds
Platform modules already initialized, skipping
========================================================================
Worker process is ready to serve import requests
Launched and connected shader compiler UnityShaderCompiler.exe after 0.16 seconds
Refreshing native plugins compatible for Editor in 1.19 ms, found 0 plugins.
Preloading 0 native plugins for Editor in 0.00 ms.
Unloading 1521 Unused Serialized files (Serialized files now loaded: 0)
System memory in use before: 76.8 MB.
System memory in use after: 76.9 MB.

Unloading 69 unused Assets to reduce memory usage. Loaded Objects now: 1967.
Total: 6.216800 ms (FindLiveObjects: 0.351200 ms CreateObjectMapping: 0.108300 ms MarkObjects: 5.274400 ms  DeleteObjects: 0.480000 ms)

========================================================================
Received Import Request.
  path: Assets/Prefabs/Weapons/Grenade_Weapon.prefab
  artifactKey: Guid(62699f32f51b3f04dbf05a2f806fbf69) Importer(815301076,1909f56bfc062723c751e8b465ee728b)
Start importing Assets/Prefabs/Weapons/Grenade_Weapon.prefab using Guid(62699f32f51b3f04dbf05a2f806fbf69) Importer(815301076,1909f56bfc062723c751e8b465ee728b)  -> (artifact id: '648a56451580a7b04201c2fcd18dcda7') in 0.595758 seconds
  Import took 0.671869 seconds .

========================================================================
Received Import Request.
  Time since last request: 0.000895 seconds.
  path: Assets/Scripts/Weapons/Grenade.cs
  artifactKey: Guid(52c53cd2d13113146aa071f16a6db2d4) Importer(815301076,1909f56bfc062723c751e8b465ee728b)
Start importing Assets/Scripts/Weapons/Grenade.cs using Guid(52c53cd2d13113146aa071f16a6db2d4) Importer(815301076,1909f56bfc062723c751e8b465ee728b)  -> (artifact id: 'd80ffaef166fec918357f16c05f27ae6') in 0.047406 seconds
  Import took 0.100509 seconds .

========================================================================
Received Import Request.
  Time since last request: 0.000667 seconds.
  path: Assets/Prefabs/Weapons/Grenade_WorldPickUp Variant.prefab
  artifactKey: Guid(c22f4b7a15156704fb75e4d722904fe7) Importer(815301076,1909f56bfc062723c751e8b465ee728b)
Start importing Assets/Prefabs/Weapons/Grenade_WorldPickUp Variant.prefab using Guid(c22f4b7a15156704fb75e4d722904fe7) Importer(815301076,1909f56bfc062723c751e8b465ee728b)  -> (artifact id: '228c29f21447d501b0d4f17aa0f016f0') in 0.241058 seconds
  Import took 0.595133 seconds .

========================================================================
Received Import Request.
  Time since last request: 0.000764 seconds.
  path: Assets/Scripts/Weapons/GrenadeThrower.cs
  artifactKey: Guid(a7161b85580929e4a8278a3b1b8999de) Importer(815301076,1909f56bfc062723c751e8b465ee728b)
Start importing Assets/Scripts/Weapons/GrenadeThrower.cs using Guid(a7161b85580929e4a8278a3b1b8999de) Importer(815301076,1909f56bfc062723c751e8b465ee728b)  -> (artifact id: '1588bd26e41c2c0006a8c38e211960bd') in 0.080348 seconds
  Import took 0.116589 seconds .

========================================================================
Received Import Request.
  Time since last request: 0.001142 seconds.
  path: Assets/Prefabs/Weapons/Sci-Fi Rifle_fbx Variant.prefab
  artifactKey: Guid(48060eb1cff7f094785527addc3d46d8) Importer(815301076,1909f56bfc062723c751e8b465ee728b)
Start importing Assets/Prefabs/Weapons/Sci-Fi Rifle_fbx Variant.prefab using Guid(48060eb1cff7f094785527addc3d46d8) Importer(815301076,1909f56bfc062723c751e8b465ee728b)  -> (artifact id: 'd6ab1b3cf31141fde1056fc70020da6a') in 0.186656 seconds
  Import took 0.222109 seconds .

========================================================================
Received Import Request.
  Time since last request: 0.000860 seconds.
  path: Assets/Prefabs/Weapons/rifle Variant.prefab
  artifactKey: Guid(035482f78fb7cdc428c1b832e461168f) Importer(815301076,1909f56bfc062723c751e8b465ee728b)
Start importing Assets/Prefabs/Weapons/rifle Variant.prefab using Guid(035482f78fb7cdc428c1b832e461168f) Importer(815301076,1909f56bfc062723c751e8b465ee728b)  -> (artifact id: '2506bec677cc99ad03d921fc1f44140f') in 0.087218 seconds
  Import took 0.102023 seconds .

========================================================================
Received Prepare
Registering precompiled user dll's ...
Registered in 0.158206 seconds.
Begin MonoManager ReloadAssembly
Native extension for WindowsStandalone target not found
Refreshing native plugins compatible for Editor in 1.35 ms, found 0 plugins.
Preloading 0 native plugins for Editor in 0.00 ms.
Warning: Annotation not found!
UnityEngine.StackTraceUtility:ExtractStackTrace ()
UnityEditor.ProBuilder.EditorUtility:SetGizmoIconEnabled (System.Type,bool) (at Library/PackageCache/com.unity.probuilder@4.5.0/Editor/EditorCore/EditorUtility.cs:593)
UnityEditor.ProBuilder.HierarchyListener:.cctor () (at Library/PackageCache/com.unity.probuilder@4.5.0/Editor/EditorCore/HierarchyListener.cs:21)
System.Runtime.CompilerServices.RuntimeHelpers:RunClassConstructor (System.RuntimeTypeHandle)
UnityEditor.EditorAssemblies:ProcessInitializeOnLoadAttributes (System.Type[])

[Library/PackageCache/com.unity.probuilder@4.5.0/Editor/EditorCore/EditorUtility.cs line 593]

Invoked RoslynAnalysisRunner static constructor.
RoslynAnalysisRunner will not be running.
RoslynAnalysisRunner has terminated.
Mono: successfully reloaded assembly
- Completed reload, in  4.549 seconds
Platform modules already initialized, skipping
Refreshing native plugins compatible for Editor in 2.46 ms, found 0 plugins.
Preloading 0 native plugins for Editor in 0.00 ms.
Unloading 1485 Unused Serialized files (Serialized files now loaded: 0)
System memory in use before: 77.7 MB.
System memory in use after: 77.8 MB.

Unloading 5 unused Assets to reduce memory usage. Loaded Objects now: 1979.
Total: 2.743500 ms (FindLiveObjects: 0.213500 ms CreateObjectMapping: 0.064500 ms MarkObjects: 2.414600 ms  DeleteObjects: 0.047500 ms)

========================================================================
Received Import Request.
  Time since last request: 1346.269681 seconds.
  path: Assets/ScifiOfficeLite/Prefabs
  artifactKey: Guid(6d19b00448a96fe42bf2a9c6cc6ef5a2) Importer(815301076,1909f56bfc062723c751e8b465ee728b)
Start importing Assets/ScifiOfficeLite/Prefabs using Guid(6d19b00448a96fe42bf2a9c6cc6ef5a2) Importer(815301076,1909f56bfc062723c751e8b465ee728b)  -> (artifact id: '9a01ef6c40e1278f89871feacd46c938') in 0.061994 seconds
  Import took 0.067319 seconds .

========================================================================
Received Import Request.
  Time since last request: 0.003807 seconds.
  path: Assets/ScifiOfficeLite/Prefabs
  artifactKey: Guid(6d19b00448a96fe42bf2a9c6cc6ef5a2) Importer(815301076,1909f56bfc062723c751e8b465ee728b)
Start importing Assets/ScifiOfficeLite/Prefabs using Guid(6d19b00448a96fe42bf2a9c6cc6ef5a2) Importer(815301076,1909f56bfc062723c751e8b465ee728b)  -> (artifact id: '9a01ef6c40e1278f89871feacd46c938') in 0.007335 seconds
  Import took 0.015605 seconds .

========================================================================
Received Import Request.
  Time since last request: 2.746914 seconds.
  path: Assets/ScifiOfficeLite/Prefabs/Shelf with Crates.prefab
  artifactKey: Guid(f355da60777d10946920a8b633e6b316) Importer(815301076,1909f56bfc062723c751e8b465ee728b)
Start importing Assets/ScifiOfficeLite/Prefabs/Shelf with Crates.prefab using Guid(f355da60777d10946920a8b633e6b316) Importer(815301076,1909f56bfc062723c751e8b465ee728b)  -> (artifact id: '9dbf527920fc8cac53bda8804380ba4f') in 0.135809 seconds
  Import took 0.141738 seconds .

========================================================================
Received Import Request.
  Time since last request: 0.000538 seconds.
  path: Assets/ScifiOfficeLite/Prefabs/Shelf without Crates.prefab
  artifactKey: Guid(07ed13550a76cd2429958ba8f43d7c0e) Importer(815301076,1909f56bfc062723c751e8b465ee728b)
Start importing Assets/ScifiOfficeLite/Prefabs/Shelf without Crates.prefab using Guid(07ed13550a76cd2429958ba8f43d7c0e) Importer(815301076,1909f56bfc062723c751e8b465ee728b)  -> (artifact id: '4fc5cc3aa82f87aa10c10b87cb14f258') in 0.046650 seconds
  Import took 0.051159 seconds .

========================================================================
Received Import Request.
  Time since last request: 0.000500 seconds.
  path: Assets/ScifiOfficeLite/Prefabs/Tray.prefab
  artifactKey: Guid(64c1ca436cc9f024b948da169e23de04) Importer(815301076,1909f56bfc062723c751e8b465ee728b)
Start importing Assets/ScifiOfficeLite/Prefabs/Tray.prefab using Guid(64c1ca436cc9f024b948da169e23de04) Importer(815301076,1909f56bfc062723c751e8b465ee728b)  -> (artifact id: '6de057ccc00b0d846fa43d5ae6d08e17') in 0.162741 seconds
  Import took 0.171678 seconds .

========================================================================
Received Import Request.
  Time since last request: 0.001129 seconds.
  path: Assets/ScifiOfficeLite/Prefabs/Shelf without Crates.prefab
  artifactKey: Guid(07ed13550a76cd2429958ba8f43d7c0e) Importer(815301076,1909f56bfc062723c751e8b465ee728b)
Start importing Assets/ScifiOfficeLite/Prefabs/Shelf without Crates.prefab using Guid(07ed13550a76cd2429958ba8f43d7c0e) Importer(815301076,1909f56bfc062723c751e8b465ee728b)  -> (artifact id: '4fc5cc3aa82f87aa10c10b87cb14f258') in 0.105057 seconds
  Import took 0.115981 seconds .

========================================================================
Received Import Request.
  Time since last request: 0.000713 seconds.
  path: Assets/ScifiOfficeLite/Prefabs/Tray.prefab
  artifactKey: Guid(64c1ca436cc9f024b948da169e23de04) Importer(815301076,1909f56bfc062723c751e8b465ee728b)
Start importing Assets/ScifiOfficeLite/Prefabs/Tray.prefab using Guid(64c1ca436cc9f024b948da169e23de04) Importer(815301076,1909f56bfc062723c751e8b465ee728b)  -> (artifact id: '6de057ccc00b0d846fa43d5ae6d08e17') in 0.027708 seconds
  Import took 0.032156 seconds .

========================================================================
Received Import Request.
  Time since last request: 8.110993 seconds.
  path: Assets/ScifiOfficeLite/Prefabs/TVs
  artifactKey: Guid(980198049a5d1ff45b95b1643908cef3) Importer(815301076,1909f56bfc062723c751e8b465ee728b)
Start importing Assets/ScifiOfficeLite/Prefabs/TVs using Guid(980198049a5d1ff45b95b1643908cef3) Importer(815301076,1909f56bfc062723c751e8b465ee728b)  -> (artifact id: '7b8fada302b9d6c5592da67efa0e8f16') in 0.036441 seconds
  Import took 0.057540 seconds .

========================================================================
Received Import Request.
  Time since last request: 0.000934 seconds.
  path: Assets/ScifiOfficeLite/Prefabs/TVs/Tv 32 Inch.prefab
  artifactKey: Guid(fe19f183652f0434dba515f0a67f32fe) Importer(815301076,1909f56bfc062723c751e8b465ee728b)
Start importing Assets/ScifiOfficeLite/Prefabs/TVs/Tv 32 Inch.prefab using Guid(fe19f183652f0434dba515f0a67f32fe) Importer(815301076,1909f56bfc062723c751e8b465ee728b)  -> (artifact id: '77e1428abc5df7b3182ca151824d9599') in 2.365121 seconds
  Import took 2.526692 seconds .

========================================================================
Received Import Request.
  Time since last request: 350.897148 seconds.
  path: Assets/ScifiOfficeLite/Prefabs/Wall
  artifactKey: Guid(f8863d9696c00d2409e6644a55211da8) Importer(815301076,1909f56bfc062723c751e8b465ee728b)
Start importing Assets/ScifiOfficeLite/Prefabs/Wall using Guid(f8863d9696c00d2409e6644a55211da8) Importer(815301076,1909f56bfc062723c751e8b465ee728b)  -> (artifact id: '60c402921cbc0650569f08dfd80691d7') in 0.301402 seconds
  Import took 0.332546 seconds .

========================================================================
Received Import Request.
  Time since last request: 0.000665 seconds.
  path: Assets/ScifiOfficeLite/Prefabs/Wall/Wall Top Piece.prefab
  artifactKey: Guid(8f5eff0dc5bed3f4ab0d6b39678e66d5) Importer(815301076,1909f56bfc062723c751e8b465ee728b)
Start importing Assets/ScifiOfficeLite/Prefabs/Wall/Wall Top Piece.prefab using Guid(8f5eff0dc5bed3f4ab0d6b39678e66d5) Importer(815301076,1909f56bfc062723c751e8b465ee728b)  -> (artifact id: 'c9bd28cdb5e2e9b731db765f6978863d') in 1.410568 seconds
  Import took 1.434208 seconds .

========================================================================
Received Import Request.
  Time since last request: 0.001232 seconds.
  path: Assets/ScifiOfficeLite/Prefabs/Wall/Wall Pillar.prefab
  artifactKey: Guid(964d019e82327ae41878ec0410f5d5e0) Importer(815301076,1909f56bfc062723c751e8b465ee728b)
Start importing Assets/ScifiOfficeLite/Prefabs/Wall/Wall Pillar.prefab using Guid(964d019e82327ae41878ec0410f5d5e0) Importer(815301076,1909f56bfc062723c751e8b465ee728b)  -> (artifact id: 'c78e523adb771f234498789799c4ab1b') in 0.271523 seconds
  Import took 0.301317 seconds .

========================================================================
Received Import Request.
  Time since last request: 0.001416 seconds.
  path: Assets/ScifiOfficeLite/Prefabs/Wall/Wall 2 Variant.prefab
  artifactKey: Guid(0e2e9d86e44cdba4b9e3bb8c0355c34a) Importer(815301076,1909f56bfc062723c751e8b465ee728b)
Start importing Assets/ScifiOfficeLite/Prefabs/Wall/Wall 2 Variant.prefab using Guid(0e2e9d86e44cdba4b9e3bb8c0355c34a) Importer(815301076,1909f56bfc062723c751e8b465ee728b)  -> (artifact id: '70c1368213ed5203a032da51e8881fa9') in 0.174477 seconds
  Import took 0.201295 seconds .

========================================================================
Received Import Request.
  Time since last request: 0.000974 seconds.
  path: Assets/ScifiOfficeLite/Prefabs/Wall/Wall Top Piece Half.prefab
  artifactKey: Guid(0429fb44681fb8f4d94ebb763bfad5ff) Importer(815301076,1909f56bfc062723c751e8b465ee728b)
Start importing Assets/ScifiOfficeLite/Prefabs/Wall/Wall Top Piece Half.prefab using Guid(0429fb44681fb8f4d94ebb763bfad5ff) Importer(815301076,1909f56bfc062723c751e8b465ee728b)  -> (artifact id: '3aaea2172abd67d06ebccb86add236e9') in 0.178690 seconds
  Import took 0.214099 seconds .

========================================================================
Received Import Request.
  Time since last request: 0.000713 seconds.
  path: Assets/ScifiOfficeLite/Prefabs/Wall/Wall Window Set 10.prefab
  artifactKey: Guid(4ab19bfbeb9048a45a44b9ce3847f750) Importer(815301076,1909f56bfc062723c751e8b465ee728b)
Start importing Assets/ScifiOfficeLite/Prefabs/Wall/Wall Window Set 10.prefab using Guid(4ab19bfbeb9048a45a44b9ce3847f750) Importer(815301076,1909f56bfc062723c751e8b465ee728b)  -> (artifact id: 'c488d4d8ead4b0742fc6b46955d94e46') in 2.768419 seconds
  Import took 2.781795 seconds .

========================================================================
Received Import Request.
  Time since last request: 0.000759 seconds.
  path: Assets/ScifiOfficeLite/Prefabs/Wall/Wall 2 Half.prefab
  artifactKey: Guid(dea43198b8686a948bb3630fc5fe44d6) Importer(815301076,1909f56bfc062723c751e8b465ee728b)
Start importing Assets/ScifiOfficeLite/Prefabs/Wall/Wall 2 Half.prefab using Guid(dea43198b8686a948bb3630fc5fe44d6) Importer(815301076,1909f56bfc062723c751e8b465ee728b)  -> (artifact id: 'e4e627d6228d1abf371170525433c260') in 0.163288 seconds
  Import took 0.177174 seconds .

========================================================================
Received Import Request.
  Time since last request: 0.000571 seconds.
  path: Assets/ScifiOfficeLite/Prefabs/Wall/Door Wall Opaque.prefab
  artifactKey: Guid(e73c1c658aeddd042bc049a907126289) Importer(815301076,1909f56bfc062723c751e8b465ee728b)
Start importing Assets/ScifiOfficeLite/Prefabs/Wall/Door Wall Opaque.prefab using Guid(e73c1c658aeddd042bc049a907126289) Importer(815301076,1909f56bfc062723c751e8b465ee728b)  -> (artifact id: 'f0eb538a0692d6ea73b4959ab1550db4') in 0.134828 seconds
  Import took 0.147412 seconds .

========================================================================
Received Import Request.
  Time since last request: 0.000549 seconds.
  path: Assets/ScifiOfficeLite/Prefabs/Wall/Wall Pillar 3.prefab
  artifactKey: Guid(ffd39571c14682942b10081c3295091c) Importer(815301076,1909f56bfc062723c751e8b465ee728b)
Start importing Assets/ScifiOfficeLite/Prefabs/Wall/Wall Pillar 3.prefab using Guid(ffd39571c14682942b10081c3295091c) Importer(815301076,1909f56bfc062723c751e8b465ee728b)  -> (artifact id: '18a7eab4175ba7c729ff83226bccce46') in 0.140555 seconds
  Import took 0.152857 seconds .

========================================================================
Received Import Request.
  Time since last request: 0.000661 seconds.
  path: Assets/ScifiOfficeLite/Prefabs/Wall/Wall 2.prefab
  artifactKey: Guid(2dc302b266fb645468046b3be6f8d332) Importer(815301076,1909f56bfc062723c751e8b465ee728b)
Start importing Assets/ScifiOfficeLite/Prefabs/Wall/Wall 2.prefab using Guid(2dc302b266fb645468046b3be6f8d332) Importer(815301076,1909f56bfc062723c751e8b465ee728b)  -> (artifact id: '3f3e33d8f193563f7c39e8c1070ccb53') in 0.180717 seconds
  Import took 0.220489 seconds .

========================================================================
Received Import Request.
  Time since last request: 0.001161 seconds.
  path: Assets/ScifiOfficeLite/Prefabs/Wall/Wall 2 Half Variant.prefab
  artifactKey: Guid(0e026c030e3c02240a8bf69002a807b2) Importer(815301076,1909f56bfc062723c751e8b465ee728b)
Start importing Assets/ScifiOfficeLite/Prefabs/Wall/Wall 2 Half Variant.prefab using Guid(0e026c030e3c02240a8bf69002a807b2) Importer(815301076,1909f56bfc062723c751e8b465ee728b)  -> (artifact id: 'ffb8e18800257891f1c8fd5ff3b10ce1') in 0.237290 seconds
  Import took 0.255106 seconds .

========================================================================
Received Import Request.
  Time since last request: 23.755939 seconds.
  path: Assets/ScifiOfficeLite/Prefabs/Tech Accessories
  artifactKey: Guid(471d7a51e48b6f444809f36497e0ba67) Importer(815301076,1909f56bfc062723c751e8b465ee728b)
Start importing Assets/ScifiOfficeLite/Prefabs/Tech Accessories using Guid(471d7a51e48b6f444809f36497e0ba67) Importer(815301076,1909f56bfc062723c751e8b465ee728b)  -> (artifact id: '2c7e532c9f4c1a945339950e6197190a') in 0.008900 seconds
  Import took 0.013423 seconds .

========================================================================
Received Import Request.
  Time since last request: 0.022856 seconds.
  path: Assets/ScifiOfficeLite/Prefabs/Tech Accessories/Mechanical arm 1 Variant.prefab
  artifactKey: Guid(eaf9a67de8e9dd640a36a34bbe5c59cd) Importer(815301076,1909f56bfc062723c751e8b465ee728b)
Start importing Assets/ScifiOfficeLite/Prefabs/Tech Accessories/Mechanical arm 1 Variant.prefab using Guid(eaf9a67de8e9dd640a36a34bbe5c59cd) Importer(815301076,1909f56bfc062723c751e8b465ee728b)  -> (artifact id: 'be001e388f8b67b179687382a9101b85') in 0.369827 seconds
  Import took 0.398761 seconds .

========================================================================
Received Import Request.
  Time since last request: 0.001242 seconds.
  path: Assets/ScifiOfficeLite/Prefabs/Tech Accessories/PC 2.prefab
  artifactKey: Guid(f9a1a5c1a73edba4e8a191866f65123e) Importer(815301076,1909f56bfc062723c751e8b465ee728b)
Start importing Assets/ScifiOfficeLite/Prefabs/Tech Accessories/PC 2.prefab using Guid(f9a1a5c1a73edba4e8a191866f65123e) Importer(815301076,1909f56bfc062723c751e8b465ee728b)  -> (artifact id: 'baa0be4f2a5bbe8ec5fb08eade853799') in 0.094795 seconds
  Import took 0.117192 seconds .

========================================================================
Received Import Request.
  Time since last request: 0.000759 seconds.
  path: Assets/ScifiOfficeLite/Prefabs/Tech Accessories/Mechanical arm 1.prefab
  artifactKey: Guid(a900f1c22e5d88743b2dcfab96b6a24c) Importer(815301076,1909f56bfc062723c751e8b465ee728b)
Start importing Assets/ScifiOfficeLite/Prefabs/Tech Accessories/Mechanical arm 1.prefab using Guid(a900f1c22e5d88743b2dcfab96b6a24c) Importer(815301076,1909f56bfc062723c751e8b465ee728b)  -> (artifact id: '13ad994f8112b43aee2e0eba3592eb3e') in 0.150030 seconds
  Import took 0.174354 seconds .

========================================================================
Received Import Request.
  Time since last request: 0.000630 seconds.
  path: Assets/ScifiOfficeLite/Prefabs/Tech Accessories/Mechanical arm 2.prefab
  artifactKey: Guid(cac581442f0ff4e429749ff81932fe8a) Importer(815301076,1909f56bfc062723c751e8b465ee728b)
Start importing Assets/ScifiOfficeLite/Prefabs/Tech Accessories/Mechanical arm 2.prefab using Guid(cac581442f0ff4e429749ff81932fe8a) Importer(815301076,1909f56bfc062723c751e8b465ee728b)  -> (artifact id: '0bc68a5a7575e9d34f57c5175be27318') in 0.076826 seconds
  Import took 0.084003 seconds .

========================================================================
Received Import Request.
  Time since last request: 0.000957 seconds.
  path: Assets/ScifiOfficeLite/Prefabs/Tech Accessories/Server Rack.prefab
  artifactKey: Guid(ea0853a3b2545524481b0c984f27afd1) Importer(815301076,1909f56bfc062723c751e8b465ee728b)
Start importing Assets/ScifiOfficeLite/Prefabs/Tech Accessories/Server Rack.prefab using Guid(ea0853a3b2545524481b0c984f27afd1) Importer(815301076,1909f56bfc062723c751e8b465ee728b)  -> (artifact id: 'daf4d440aac43dd2c96461c4d1b4226d') in 3.064195 seconds
  Import took 3.106286 seconds .

========================================================================
Received Import Request.
  Time since last request: 0.001168 seconds.
  path: Assets/ScifiOfficeLite/Prefabs/Tech Accessories/Mechanical arm 2.prefab
  artifactKey: Guid(cac581442f0ff4e429749ff81932fe8a) Importer(815301076,1909f56bfc062723c751e8b465ee728b)
Start importing Assets/ScifiOfficeLite/Prefabs/Tech Accessories/Mechanical arm 2.prefab using Guid(cac581442f0ff4e429749ff81932fe8a) Importer(815301076,1909f56bfc062723c751e8b465ee728b)  -> (artifact id: '0bc68a5a7575e9d34f57c5175be27318') in 0.084266 seconds
  Import took 0.091892 seconds .

========================================================================
Received Import Request.
  Time since last request: 50.806937 seconds.
  path: Assets/ScifiOfficeLite/Prefabs/Tables
  artifactKey: Guid(30f8ad2042ee31048a0894934f751dce) Importer(815301076,1909f56bfc062723c751e8b465ee728b)
Start importing Assets/ScifiOfficeLite/Prefabs/Tables using Guid(30f8ad2042ee31048a0894934f751dce) Importer(815301076,1909f56bfc062723c751e8b465ee728b)  -> (artifact id: '13418fea07031832e6d4e0c83720bb1e') in 0.007813 seconds
  Import took 0.011681 seconds .

========================================================================
Received Import Request.
  Time since last request: 0.000760 seconds.
  path: Assets/ScifiOfficeLite/Prefabs/Tables
  artifactKey: Guid(30f8ad2042ee31048a0894934f751dce) Importer(815301076,1909f56bfc062723c751e8b465ee728b)
Start importing Assets/ScifiOfficeLite/Prefabs/Tables using Guid(30f8ad2042ee31048a0894934f751dce) Importer(815301076,1909f56bfc062723c751e8b465ee728b)  -> (artifact id: '13418fea07031832e6d4e0c83720bb1e') in 0.008759 seconds
  Import took 0.015163 seconds .

========================================================================
Received Import Request.
  Time since last request: 0.062371 seconds.
  path: Assets/ScifiOfficeLite/Prefabs/Tables/Table Set 1 Dark Oak.prefab
  artifactKey: Guid(45276250b71dd9f4488e3be0523a1e35) Importer(815301076,1909f56bfc062723c751e8b465ee728b)
Start importing Assets/ScifiOfficeLite/Prefabs/Tables/Table Set 1 Dark Oak.prefab using Guid(45276250b71dd9f4488e3be0523a1e35) Importer(815301076,1909f56bfc062723c751e8b465ee728b)  -> (artifact id: 'c1e307a826c39535100d84c41748c95f') in 2.222635 seconds
  Import took 2.234835 seconds .

========================================================================
Received Import Request.
  Time since last request: 0.001336 seconds.
  path: Assets/ScifiOfficeLite/Prefabs/Tables/Table Set 1 Grey Wood Variant.prefab
  artifactKey: Guid(827062553953ace449df65073bc88caa) Importer(815301076,1909f56bfc062723c751e8b465ee728b)
Start importing Assets/ScifiOfficeLite/Prefabs/Tables/Table Set 1 Grey Wood Variant.prefab using Guid(827062553953ace449df65073bc88caa) Importer(815301076,1909f56bfc062723c751e8b465ee728b)  -> (artifact id: 'f546b015a1d6ea60b9901ffa1b0341eb') in 0.805158 seconds
  Import took 0.859393 seconds .

========================================================================
Received Import Request.
  Time since last request: 81.243283 seconds.
  path: Assets/ScifiOfficeLite/Prefabs/Tables/White Wood
  artifactKey: Guid(f8077a2372e486e498e5d2f6325c573a) Importer(815301076,1909f56bfc062723c751e8b465ee728b)
Start importing Assets/ScifiOfficeLite/Prefabs/Tables/White Wood using Guid(f8077a2372e486e498e5d2f6325c573a) Importer(815301076,1909f56bfc062723c751e8b465ee728b)  -> (artifact id: 'e2d0297f8f3ed87bda4898de0033d91a') in 0.009789 seconds
  Import took 0.014792 seconds .

========================================================================
Received Import Request.
  Time since last request: 3.304071 seconds.
  path: Assets/ScifiOfficeLite/Prefabs/Tables/White Wood/Drawer Table Long White Wood Variant.prefab
  artifactKey: Guid(0fc223096406f3d4d964af094cc016ab) Importer(815301076,1909f56bfc062723c751e8b465ee728b)
Start importing Assets/ScifiOfficeLite/Prefabs/Tables/White Wood/Drawer Table Long White Wood Variant.prefab using Guid(0fc223096406f3d4d964af094cc016ab) Importer(815301076,1909f56bfc062723c751e8b465ee728b)  -> (artifact id: '758663ee291837f2401b1810703f4e28') in 1.088857 seconds
  Import took 1.158699 seconds .

========================================================================
Received Import Request.
  Time since last request: 0.001397 seconds.
  path: Assets/ScifiOfficeLite/Prefabs/Tables/White Wood/Table White Wood Variant.prefab
  artifactKey: Guid(e69eb1afde9550f4b83fa3d849eb2aa2) Importer(815301076,1909f56bfc062723c751e8b465ee728b)
Start importing Assets/ScifiOfficeLite/Prefabs/Tables/White Wood/Table White Wood Variant.prefab using Guid(e69eb1afde9550f4b83fa3d849eb2aa2) Importer(815301076,1909f56bfc062723c751e8b465ee728b)  -> (artifact id: 'b30e4b83dbc6e331f2850f1be6dd806d') in 0.214595 seconds
  Import took 0.250348 seconds .

========================================================================
Received Import Request.
  Time since last request: 11.054412 seconds.
  path: Assets/ScifiOfficeLite/Prefabs/Tables/Metal
  artifactKey: Guid(172a7682d8cad3747ad347eb18a5a867) Importer(815301076,1909f56bfc062723c751e8b465ee728b)
Start importing Assets/ScifiOfficeLite/Prefabs/Tables/Metal using Guid(172a7682d8cad3747ad347eb18a5a867) Importer(815301076,1909f56bfc062723c751e8b465ee728b)  -> (artifact id: '0f00017b3a51685c1f538191d882f261') in 0.010738 seconds
  Import took 0.016506 seconds .

========================================================================
Received Import Request.
  Time since last request: 0.001988 seconds.
  path: Assets/ScifiOfficeLite/Prefabs/Tables/Metal
  artifactKey: Guid(172a7682d8cad3747ad347eb18a5a867) Importer(815301076,1909f56bfc062723c751e8b465ee728b)
Start importing Assets/ScifiOfficeLite/Prefabs/Tables/Metal using Guid(172a7682d8cad3747ad347eb18a5a867) Importer(815301076,1909f56bfc062723c751e8b465ee728b)  -> (artifact id: '0f00017b3a51685c1f538191d882f261') in 0.007424 seconds
  Import took 0.013730 seconds .

========================================================================
Received Import Request.
  Time since last request: 0.050498 seconds.
  path: Assets/ScifiOfficeLite/Prefabs/Tables/Metal/Table Metal Variant.prefab
  artifactKey: Guid(d50a3e9b50b5f0f4b9c69fe84036a6ed) Importer(815301076,1909f56bfc062723c751e8b465ee728b)
Start importing Assets/ScifiOfficeLite/Prefabs/Tables/Metal/Table Metal Variant.prefab using Guid(d50a3e9b50b5f0f4b9c69fe84036a6ed) Importer(815301076,1909f56bfc062723c751e8b465ee728b)  -> (artifact id: '9da6a8bca7916429f8fa6a6de4b4a19b') in 1.002616 seconds
  Import took 1.013594 seconds .

========================================================================
Received Import Request.
  Time since last request: 6.659636 seconds.
  path: Assets/ScifiOfficeLite/Prefabs/Tables/Dark Oak
  artifactKey: Guid(b7034971824332b4bae08bd05ab7345d) Importer(815301076,1909f56bfc062723c751e8b465ee728b)
Start importing Assets/ScifiOfficeLite/Prefabs/Tables/Dark Oak using Guid(b7034971824332b4bae08bd05ab7345d) Importer(815301076,1909f56bfc062723c751e8b465ee728b)  -> (artifact id: '3285a913273c0bb94e44d0fa558406fe') in 0.010266 seconds
  Import took 0.063069 seconds .

========================================================================
Received Import Request.
  Time since last request: 0.000693 seconds.
  path: Assets/ScifiOfficeLite/Prefabs/Tables/Dark Oak/Table Dark Oak.prefab
  artifactKey: Guid(10f9753d65559ea4cbd0c4930521130e) Importer(815301076,1909f56bfc062723c751e8b465ee728b)
Start importing Assets/ScifiOfficeLite/Prefabs/Tables/Dark Oak/Table Dark Oak.prefab using Guid(10f9753d65559ea4cbd0c4930521130e) Importer(815301076,1909f56bfc062723c751e8b465ee728b)  -> (artifact id: 'c509c02c8b0762f816059efebe62ca9c') in 0.062823 seconds
  Import took 0.068314 seconds .

========================================================================
Received Import Request.
  Time since last request: 0.000435 seconds.
  path: Assets/ScifiOfficeLite/Prefabs/Tables/Dark Oak/Drawer Table Long Dark Oak.prefab
  artifactKey: Guid(d9ed09438f7ef114dbd1922e839b6837) Importer(815301076,1909f56bfc062723c751e8b465ee728b)
Start importing Assets/ScifiOfficeLite/Prefabs/Tables/Dark Oak/Drawer Table Long Dark Oak.prefab using Guid(d9ed09438f7ef114dbd1922e839b6837) Importer(815301076,1909f56bfc062723c751e8b465ee728b)  -> (artifact id: '64a40f19bd22b44884aee7262d1fa433') in 0.145906 seconds
  Import took 0.172031 seconds .

========================================================================
Received Import Request.
  Time since last request: 9.557049 seconds.
  path: Assets/ScifiOfficeLite/Prefabs/Drawers
  artifactKey: Guid(87cbe5d7953095e42bfee2a1411c100f) Importer(815301076,1909f56bfc062723c751e8b465ee728b)
Start importing Assets/ScifiOfficeLite/Prefabs/Drawers using Guid(87cbe5d7953095e42bfee2a1411c100f) Importer(815301076,1909f56bfc062723c751e8b465ee728b)  -> (artifact id: '21eadc6047a004c7a85ef181aa7f67a5') in 0.014422 seconds
  Import took 0.020271 seconds .

========================================================================
Received Import Request.
  Time since last request: 0.042342 seconds.
  path: Assets/ScifiOfficeLite/Prefabs/Drawers/Drawer 2 Oak Variant.prefab
  artifactKey: Guid(a07dffe36c92aec44a95c900438af993) Importer(815301076,1909f56bfc062723c751e8b465ee728b)
Start importing Assets/ScifiOfficeLite/Prefabs/Drawers/Drawer 2 Oak Variant.prefab using Guid(a07dffe36c92aec44a95c900438af993) Importer(815301076,1909f56bfc062723c751e8b465ee728b)  -> (artifact id: '02268f326448b4e6b30d7b11cd2ae95e') in 0.508480 seconds
  Import took 0.549907 seconds .

========================================================================
Received Import Request.
  Time since last request: 0.001331 seconds.
  path: Assets/ScifiOfficeLite/Prefabs/Drawers/Vase.prefab
  artifactKey: Guid(2fec7c553d7825f4d8ed5bfae78a437c) Importer(815301076,1909f56bfc062723c751e8b465ee728b)
Start importing Assets/ScifiOfficeLite/Prefabs/Drawers/Vase.prefab using Guid(2fec7c553d7825f4d8ed5bfae78a437c) Importer(815301076,1909f56bfc062723c751e8b465ee728b)  -> (artifact id: '807effbd110677ec1d5ebd6369b61cea') in 0.567032 seconds
  Import took 0.580654 seconds .

========================================================================
Received Import Request.
  Time since last request: 0.001349 seconds.
  path: Assets/ScifiOfficeLite/Prefabs/Drawers/Drawer 2.prefab
  artifactKey: Guid(c492efe3e037d4447923edc38633bd5b) Importer(815301076,1909f56bfc062723c751e8b465ee728b)
Start importing Assets/ScifiOfficeLite/Prefabs/Drawers/Drawer 2.prefab using Guid(c492efe3e037d4447923edc38633bd5b) Importer(815301076,1909f56bfc062723c751e8b465ee728b)  -> (artifact id: 'e4d82d3edb228fec356daa88f772d236') in 0.162991 seconds
  Import took 0.199972 seconds .

========================================================================
Received Import Request.
  Time since last request: 149.932076 seconds.
  path: Assets/ScifiOfficeLite/Prefabs/Doors
  artifactKey: Guid(dc22d4dc82d9b1e4a9e40980fe64d365) Importer(815301076,1909f56bfc062723c751e8b465ee728b)
Start importing Assets/ScifiOfficeLite/Prefabs/Doors using Guid(dc22d4dc82d9b1e4a9e40980fe64d365) Importer(815301076,1909f56bfc062723c751e8b465ee728b)  -> (artifact id: '0e0ae9c4d4f4d6bd318f321ba472d634') in 0.006829 seconds
  Import took 0.010244 seconds .

========================================================================
Received Import Request.
  Time since last request: 0.049980 seconds.
  path: Assets/ScifiOfficeLite/Prefabs/Doors/Broken Door.prefab
  artifactKey: Guid(8b2ed08f82f4cea41907e2cf2f8938c5) Importer(815301076,1909f56bfc062723c751e8b465ee728b)
Start importing Assets/ScifiOfficeLite/Prefabs/Doors/Broken Door.prefab using Guid(8b2ed08f82f4cea41907e2cf2f8938c5) Importer(815301076,1909f56bfc062723c751e8b465ee728b)  -> (artifact id: 'b1c235df8198a67de6c2ffe8578a9252') in 2.213811 seconds
  Import took 2.248198 seconds .

========================================================================
Received Import Request.
  Time since last request: 6.474016 seconds.
  path: Assets/ScifiOfficeLite/Prefabs/Chairs and Stools
  artifactKey: Guid(59e77c7ff6c7c9e47ae54363176204bf) Importer(815301076,1909f56bfc062723c751e8b465ee728b)
Start importing Assets/ScifiOfficeLite/Prefabs/Chairs and Stools using Guid(59e77c7ff6c7c9e47ae54363176204bf) Importer(815301076,1909f56bfc062723c751e8b465ee728b)  -> (artifact id: '51753325746c214a04952efc6e75ae21') in 0.011336 seconds
  Import took 0.017003 seconds .

========================================================================
Received Import Request.
  Time since last request: 0.044138 seconds.
  path: Assets/ScifiOfficeLite/Prefabs/Chairs and Stools/Office Chair Variant.prefab
  artifactKey: Guid(e302621f2616c4042b0c4be3f63ea422) Importer(815301076,1909f56bfc062723c751e8b465ee728b)
Start importing Assets/ScifiOfficeLite/Prefabs/Chairs and Stools/Office Chair Variant.prefab using Guid(e302621f2616c4042b0c4be3f63ea422) Importer(815301076,1909f56bfc062723c751e8b465ee728b)  -> (artifact id: '03856daba138772a7b5bd822ecd69b31') in 1.076355 seconds
  Import took 1.087226 seconds .

========================================================================
Received Import Request.
  Time since last request: 0.001356 seconds.
  path: Assets/ScifiOfficeLite/Prefabs/Chairs and Stools/Stool.prefab
  artifactKey: Guid(30971ea7d19a057458bf89e85d9d1f6c) Importer(815301076,1909f56bfc062723c751e8b465ee728b)
Start importing Assets/ScifiOfficeLite/Prefabs/Chairs and Stools/Stool.prefab using Guid(30971ea7d19a057458bf89e85d9d1f6c) Importer(815301076,1909f56bfc062723c751e8b465ee728b)  -> (artifact id: 'deccdfadd8906c48a3c9f113124d826a') in 1.765038 seconds
  Import took 1.780419 seconds .

========================================================================
Received Import Request.
  Time since last request: 0.001411 seconds.
  path: Assets/ScifiOfficeLite/Prefabs/Chairs and Stools/Office Chair.prefab
  artifactKey: Guid(dc35c61ecac9f3e4ea7e96c2ce7f1218) Importer(815301076,1909f56bfc062723c751e8b465ee728b)
Start importing Assets/ScifiOfficeLite/Prefabs/Chairs and Stools/Office Chair.prefab using Guid(dc35c61ecac9f3e4ea7e96c2ce7f1218) Importer(815301076,1909f56bfc062723c751e8b465ee728b)  -> (artifact id: 'dd27d8cc06f107b29d8c405f745041b6') in 0.145917 seconds
  Import took 0.153648 seconds .

========================================================================
Received Import Request.
  Time since last request: 148.429676 seconds.
  path: Assets/ScifiOfficeLite/Prefabs/Carpets and Floors
  artifactKey: Guid(ff0f789902e100648bc385cb25123552) Importer(815301076,1909f56bfc062723c751e8b465ee728b)
Start importing Assets/ScifiOfficeLite/Prefabs/Carpets and Floors using Guid(ff0f789902e100648bc385cb25123552) Importer(815301076,1909f56bfc062723c751e8b465ee728b)  -> (artifact id: 'c9c825911aaddee202e845ff694eb5a2') in 0.010600 seconds
  Import took 0.014842 seconds .

========================================================================
Received Import Request.
  Time since last request: 0.030690 seconds.
  path: Assets/ScifiOfficeLite/Prefabs/Carpets and Floors/20m Epoxy Ground.prefab
  artifactKey: Guid(7ff30c7e7a931fa4abaacbcf858e20a1) Importer(815301076,1909f56bfc062723c751e8b465ee728b)
Start importing Assets/ScifiOfficeLite/Prefabs/Carpets and Floors/20m Epoxy Ground.prefab using Guid(7ff30c7e7a931fa4abaacbcf858e20a1) Importer(815301076,1909f56bfc062723c751e8b465ee728b)  -> (artifact id: '7ae10ece1f0be674f4213f52b6f41e45') in 1.530190 seconds
  Import took 1.537607 seconds .

========================================================================
Received Import Request.
  Time since last request: 0.001065 seconds.
  path: Assets/ScifiOfficeLite/Prefabs/Carpets and Floors/Carpet 5.prefab
  artifactKey: Guid(bc567933eeb3fc84987a3b0a2c87f78e) Importer(815301076,1909f56bfc062723c751e8b465ee728b)
Start importing Assets/ScifiOfficeLite/Prefabs/Carpets and Floors/Carpet 5.prefab using Guid(bc567933eeb3fc84987a3b0a2c87f78e) Importer(815301076,1909f56bfc062723c751e8b465ee728b)  -> (artifact id: 'c7ca226ff669656d670b4dfc24424ca8') in 2.866497 seconds
  Import took 2.910897 seconds .

========================================================================
Received Import Request.
  Time since last request: 0.000816 seconds.
  path: Assets/ScifiOfficeLite/Prefabs/Carpets and Floors/Carpet 13.prefab
  artifactKey: Guid(f76c0046fe9320845991ccc887dd6674) Importer(815301076,1909f56bfc062723c751e8b465ee728b)
Start importing Assets/ScifiOfficeLite/Prefabs/Carpets and Floors/Carpet 13.prefab using Guid(f76c0046fe9320845991ccc887dd6674) Importer(815301076,1909f56bfc062723c751e8b465ee728b)  -> (artifact id: 'ce28c19987e7c48781dbedb967b18efa') in 2.711168 seconds
  Import took 2.754641 seconds .

========================================================================
Received Import Request.
  Time since last request: 0.001231 seconds.
  path: Assets/ScifiOfficeLite/Prefabs/Carpets and Floors/Carpet 11.prefab
  artifactKey: Guid(10a3779e5a6dba14c80e8ae762c9a3ac) Importer(815301076,1909f56bfc062723c751e8b465ee728b)
Start importing Assets/ScifiOfficeLite/Prefabs/Carpets and Floors/Carpet 11.prefab using Guid(10a3779e5a6dba14c80e8ae762c9a3ac) Importer(815301076,1909f56bfc062723c751e8b465ee728b)  -> (artifact id: 'aca49a417a9d2dcdfd4b0e7dd802bbc5') in 0.280833 seconds
  Import took 0.297878 seconds .

========================================================================
Received Import Request.
  Time since last request: 0.001446 seconds.
  path: Assets/ScifiOfficeLite/Prefabs/Carpets and Floors/Carpet 10.prefab
  artifactKey: Guid(95c12aea438e34b41ab9fb7a62aea92f) Importer(815301076,1909f56bfc062723c751e8b465ee728b)
Start importing Assets/ScifiOfficeLite/Prefabs/Carpets and Floors/Carpet 10.prefab using Guid(95c12aea438e34b41ab9fb7a62aea92f) Importer(815301076,1909f56bfc062723c751e8b465ee728b)  -> (artifact id: '5e3bdb31eeacb4d845cfed2ce95f3898') in 0.274174 seconds
  Import took 0.289742 seconds .

========================================================================
Received Import Request.
  Time since last request: 0.001472 seconds.
  path: Assets/ScifiOfficeLite/Prefabs/Carpets and Floors/Carpet 9.prefab
  artifactKey: Guid(acab94f45c12b614bbebc0d29b12da88) Importer(815301076,1909f56bfc062723c751e8b465ee728b)
Start importing Assets/ScifiOfficeLite/Prefabs/Carpets and Floors/Carpet 9.prefab using Guid(acab94f45c12b614bbebc0d29b12da88) Importer(815301076,1909f56bfc062723c751e8b465ee728b)  -> (artifact id: 'e19650f98e0b93704d43c9c4676f2aef') in 0.208191 seconds
  Import took 0.229645 seconds .

========================================================================
Received Import Request.
  Time since last request: 0.000786 seconds.
  path: Assets/ScifiOfficeLite/Prefabs/Carpets and Floors/Carpet 12.prefab
  artifactKey: Guid(da0accff20027304e9912226d132eaf5) Importer(815301076,1909f56bfc062723c751e8b465ee728b)
Start importing Assets/ScifiOfficeLite/Prefabs/Carpets and Floors/Carpet 12.prefab using Guid(da0accff20027304e9912226d132eaf5) Importer(815301076,1909f56bfc062723c751e8b465ee728b)  -> (artifact id: 'b81fde9554f59fd853453efe51840846') in 0.171027 seconds
  Import took 0.207626 seconds .

========================================================================
Received Import Request.
  Time since last request: 0.000631 seconds.
  path: Assets/ScifiOfficeLite/Prefabs/Carpets and Floors/Carpet 8.prefab
  artifactKey: Guid(ee96ae14708602d469d22f53342f354e) Importer(815301076,1909f56bfc062723c751e8b465ee728b)
Start importing Assets/ScifiOfficeLite/Prefabs/Carpets and Floors/Carpet 8.prefab using Guid(ee96ae14708602d469d22f53342f354e) Importer(815301076,1909f56bfc062723c751e8b465ee728b)  -> (artifact id: '80bd0a38913f868d9650b08030afb98d') in 0.210590 seconds
  Import took 0.232930 seconds .

========================================================================
Received Import Request.
  Time since last request: 115.257725 seconds.
  path: Assets/ScifiOfficeLite/Scripts
  artifactKey: Guid(6777d4b26573a2c4b86268507672bf1c) Importer(815301076,1909f56bfc062723c751e8b465ee728b)
Start importing Assets/ScifiOfficeLite/Scripts using Guid(6777d4b26573a2c4b86268507672bf1c) Importer(815301076,1909f56bfc062723c751e8b465ee728b)  -> (artifact id: '912a70a300e4f41d262f2105c0956e21') in 0.008454 seconds
  Import took 0.012598 seconds .

========================================================================
Received Import Request.
  Time since last request: 5.270877 seconds.
  path: Assets/ScifiOfficeLite/Scene
  artifactKey: Guid(d5dd4cbbdd7cfe14bb9b1fab1315ac58) Importer(815301076,1909f56bfc062723c751e8b465ee728b)
Start importing Assets/ScifiOfficeLite/Scene using Guid(d5dd4cbbdd7cfe14bb9b1fab1315ac58) Importer(815301076,1909f56bfc062723c751e8b465ee728b)  -> (artifact id: '89e66b999fef767ad717a4b1f82b461f') in 0.034235 seconds
  Import took 0.039547 seconds .

========================================================================
Received Import Request.
  Time since last request: 4.617466 seconds.
  path: Assets/ScifiOfficeLite/Prefabs/Lighting
  artifactKey: Guid(b876242c9588755499b2edb9d2ff2381) Importer(815301076,1909f56bfc062723c751e8b465ee728b)
Start importing Assets/ScifiOfficeLite/Prefabs/Lighting using Guid(b876242c9588755499b2edb9d2ff2381) Importer(815301076,1909f56bfc062723c751e8b465ee728b)  -> (artifact id: '4feaebe8eea61cb85aaf91dd64d5951b') in 0.032418 seconds
  Import took 0.036353 seconds .

========================================================================
Received Import Request.
  Time since last request: 1.258883 seconds.
  path: Assets/ScifiOfficeLite/Prefabs/Lighting/Ceiling Lights
  artifactKey: Guid(cb13d5c41d29ceb438aaf360d2ca91b8) Importer(815301076,1909f56bfc062723c751e8b465ee728b)
Start importing Assets/ScifiOfficeLite/Prefabs/Lighting/Ceiling Lights using Guid(cb13d5c41d29ceb438aaf360d2ca91b8) Importer(815301076,1909f56bfc062723c751e8b465ee728b)  -> (artifact id: 'a26b59e54a063248da2d6b1b6d47d7ef') in 0.030378 seconds
  Import took 0.035116 seconds .

========================================================================
Received Import Request.
  Time since last request: 0.924205 seconds.
  path: Assets/ScifiOfficeLite/Prefabs/Lighting/Ceiling Lights/2D
  artifactKey: Guid(a966283a628910941b403a29a841155e) Importer(815301076,1909f56bfc062723c751e8b465ee728b)
Start importing Assets/ScifiOfficeLite/Prefabs/Lighting/Ceiling Lights/2D using Guid(a966283a628910941b403a29a841155e) Importer(815301076,1909f56bfc062723c751e8b465ee728b)  -> (artifact id: 'a903557ba75214a45835b357244ef100') in 0.012881 seconds
  Import took 0.018595 seconds .

========================================================================
Received Import Request.
  Time since last request: 0.026387 seconds.
  path: Assets/ScifiOfficeLite/Prefabs/Lighting/Ceiling Lights/2D/Ceiling Light Bright.prefab
  artifactKey: Guid(ddfc1292959bce64f8c5c758157712f1) Importer(815301076,1909f56bfc062723c751e8b465ee728b)
Start importing Assets/ScifiOfficeLite/Prefabs/Lighting/Ceiling Lights/2D/Ceiling Light Bright.prefab using Guid(ddfc1292959bce64f8c5c758157712f1) Importer(815301076,1909f56bfc062723c751e8b465ee728b)  -> (artifact id: '5179bbf8985e9b4530616e351e86ff1a') in 0.894300 seconds
  Import took 0.905334 seconds .

========================================================================
Received Import Request.
  Time since last request: 0.001417 seconds.
  path: Assets/ScifiOfficeLite/Prefabs/Lighting/Ceiling Lights/2D/Ceiling Light.prefab
  artifactKey: Guid(ebb3c85b58baeef44825d9dcc11dc781) Importer(815301076,1909f56bfc062723c751e8b465ee728b)
Start importing Assets/ScifiOfficeLite/Prefabs/Lighting/Ceiling Lights/2D/Ceiling Light.prefab using Guid(ebb3c85b58baeef44825d9dcc11dc781) Importer(815301076,1909f56bfc062723c751e8b465ee728b)  -> (artifact id: '0984c5557373856f7ac040a5355d2c97') in 0.164359 seconds
  Import took 0.179443 seconds .

========================================================================
Received Import Request.
  Time since last request: 140.110106 seconds.
  path: Assets/ScifiOfficeLite/Prefabs/Tables/Blue Plastic
  artifactKey: Guid(c84719a45801c1c4691a9565d607cd4b) Importer(815301076,1909f56bfc062723c751e8b465ee728b)
Start importing Assets/ScifiOfficeLite/Prefabs/Tables/Blue Plastic using Guid(c84719a45801c1c4691a9565d607cd4b) Importer(815301076,1909f56bfc062723c751e8b465ee728b)  -> (artifact id: 'ee37c0f6ae8468abe63a57424536ddb2') in 0.010748 seconds
  Import took 0.017274 seconds .

========================================================================
Received Import Request.
  Time since last request: 0.046357 seconds.
  path: Assets/ScifiOfficeLite/Prefabs/Tables/Blue Plastic/Drawer Table Long Blue Plastic Variant.prefab
  artifactKey: Guid(16f915d1f07f10f4dad53e9e66e98afa) Importer(815301076,1909f56bfc062723c751e8b465ee728b)
Start importing Assets/ScifiOfficeLite/Prefabs/Tables/Blue Plastic/Drawer Table Long Blue Plastic Variant.prefab using Guid(16f915d1f07f10f4dad53e9e66e98afa) Importer(815301076,1909f56bfc062723c751e8b465ee728b)  -> (artifact id: '3f2fa0051992a28c353c56f059657a1f') in 1.303517 seconds
  Import took 1.323783 seconds .

AssetImportWorkerClient::OnTransportError - code=2 error=End of file
